#
# There is insufficient memory for the Java Runtime Environment to continue.
# Native memory allocation (mmap) failed to map 65536 bytes for Failed to commit metaspace.
# Possible reasons:
#   The system is out of physical RAM or swap space
#   The process is running with CompressedOops enabled, and the Java Heap may be blocking the growth of the native heap
# Possible solutions:
#   Reduce memory load on the system
#   Increase physical memory or swap space
#   Check if swap backing store is full
#   Decrease Java heap size (-Xmx/-Xms)
#   Decrease number of Java threads
#   Decrease Java thread stack sizes (-Xss)
#   Set larger code cache with -XX:ReservedCodeCacheSize=
#   JVM is running with Unscaled Compressed Oops mode in which the Java heap is
#     placed in the first 4GB address space. The Java Heap base address is the
#     maximum limit for the native heap growth. Please use -XX:HeapBaseMinAddress
#     to set the Java Heap base and to place the Java Heap above 4GB virtual address.
# This output file may be truncated or incomplete.
#
#  Out of Memory Error (virtualSpaceNode.cpp:110), pid=23704, tid=352
#
# JRE version: OpenJDK Runtime Environment JBR-17.0.8+7-1000.22-jcef (17.0.8+7) (build 17.0.8+7-b1000.22)
# Java VM: OpenJDK 64-Bit Server VM JBR-17.0.8+7-1000.22-jcef (17.0.8+7-b1000.22, mixed mode, tiered, compressed oops, compressed class ptrs, g1 gc, windows-amd64)
# No core dump will be written. Minidumps are not enabled by default on client versions of Windows
#

---------------  S U M M A R Y ------------

Command Line: git4idea.http.GitAskPassApp Password for 'https://raluca1704@github.com': 

Host: AMD Ryzen 5 5500U with Radeon Graphics         , 12 cores, 7G,  Windows 11 , 64 bit Build 22621 (10.0.22621.4391)
Time: Wed Nov 20 23:22:39 2024 GTB Standard Time elapsed time: 0.478233 seconds (0d 0h 0m 0s)

---------------  T H R E A D  ---------------

Current thread (0x0000026bc777f110):  JavaThread "main" [_thread_in_vm, id=352, stack(0x000000cf15b00000,0x000000cf15c00000)]

Stack: [0x000000cf15b00000,0x000000cf15c00000]
Native frames: (J=compiled Java code, j=interpreted, Vv=VM code, C=native code)
V  [jvm.dll+0x6852da]
V  [jvm.dll+0x844c84]
V  [jvm.dll+0x84659e]
V  [jvm.dll+0x846c03]
V  [jvm.dll+0x24b7cf]
V  [jvm.dll+0x84003b]
V  [jvm.dll+0x6296c6]
V  [jvm.dll+0x62972a]
V  [jvm.dll+0x62bf4a]
V  [jvm.dll+0x62a066]
V  [jvm.dll+0x23f6bf]
V  [jvm.dll+0x633ef5]
V  [jvm.dll+0x1eeefb]
V  [jvm.dll+0x1ef435]
V  [jvm.dll+0x1efd54]
V  [jvm.dll+0x1e529c]
V  [jvm.dll+0x54b27d]
V  [jvm.dll+0x1f5ccb]
V  [jvm.dll+0x7be1db]
V  [jvm.dll+0x7bf622]
V  [jvm.dll+0x7bf958]
V  [jvm.dll+0x24345e]
V  [jvm.dll+0x386efe]
C  0x0000026bd242b5bb

Java frames: (J=compiled Java code, j=interpreted, Vv=VM code)
j  com.sun.crypto.provider.AESCipher.<init>(I)V+14 java.base@17.0.8
j  com.sun.crypto.provider.AESCipher$General.<init>()V+2 java.base@17.0.8
v  ~StubRoutines::call_stub
j  jdk.internal.reflect.NativeConstructorAccessorImpl.newInstance0(Ljava/lang/reflect/Constructor;[Ljava/lang/Object;)Ljava/lang/Object;+0 java.base@17.0.8
j  jdk.internal.reflect.NativeConstructorAccessorImpl.newInstance([Ljava/lang/Object;)Ljava/lang/Object;+118 java.base@17.0.8
j  jdk.internal.reflect.DelegatingConstructorAccessorImpl.newInstance([Ljava/lang/Object;)Ljava/lang/Object;+5 java.base@17.0.8
j  java.lang.reflect.Constructor.newInstanceWithCaller([Ljava/lang/Object;ZLjava/lang/Class;)Ljava/lang/Object;+65 java.base@17.0.8
j  java.lang.reflect.Constructor.newInstance([Ljava/lang/Object;)Ljava/lang/Object;+30 java.base@17.0.8
j  java.security.Provider$Service.newInstanceOf()Ljava/lang/Object;+9 java.base@17.0.8
j  java.security.Provider$Service.newInstanceUtil(Ljava/lang/Class;Ljava/lang/Object;)Ljava/lang/Object;+5 java.base@17.0.8
j  java.security.Provider$Service.newInstance(Ljava/lang/Object;)Ljava/lang/Object;+227 java.base@17.0.8
j  javax.crypto.Cipher.getInstance(Ljava/lang/String;)Ljavax/crypto/Cipher;+179 java.base@17.0.8
j  sun.security.ssl.SSLCipher.isTransformationAvailable(Ljava/lang/String;)Z+12 java.base@17.0.8
j  sun.security.ssl.SSLCipher.<init>(Ljava/lang/String;ILjava/lang/String;Lsun/security/ssl/CipherType;IIIIZZ[Ljava/util/Map$Entry;[Ljava/util/Map$Entry;)V+124 java.base@17.0.8
j  sun.security.ssl.SSLCipher.<clinit>()V+829 java.base@17.0.8
v  ~StubRoutines::call_stub
j  sun.security.ssl.CipherSuite.<clinit>()V+18 java.base@17.0.8
v  ~StubRoutines::call_stub
j  sun.security.ssl.SSLContextImpl.getApplicableSupportedCipherSuites(Ljava/util/List;)Ljava/util/List;+0 java.base@17.0.8
j  sun.security.ssl.SSLContextImpl$AbstractTLSContext.<clinit>()V+84 java.base@17.0.8
v  ~StubRoutines::call_stub
j  java.lang.Class.forName0(Ljava/lang/String;ZLjava/lang/ClassLoader;Ljava/lang/Class;)Ljava/lang/Class;+0 java.base@17.0.8
j  java.lang.Class.forName(Ljava/lang/String;)Ljava/lang/Class;+11 java.base@17.0.8
j  java.security.Provider$Service.getImplClass()Ljava/lang/Class;+64 java.base@17.0.8
j  java.security.Provider$Service.getDefaultConstructor()Ljava/lang/reflect/Constructor;+46 java.base@17.0.8
j  java.security.Provider$Service.newInstanceOf()Ljava/lang/Object;+1 java.base@17.0.8
j  java.security.Provider$Service.newInstanceUtil(Ljava/lang/Class;Ljava/lang/Object;)Ljava/lang/Object;+5 java.base@17.0.8
j  java.security.Provider$Service.newInstance(Ljava/lang/Object;)Ljava/lang/Object;+227 java.base@17.0.8
j  sun.security.jca.GetInstance.getInstance(Ljava/security/Provider$Service;Ljava/lang/Class;)Lsun/security/jca/GetInstance$Instance;+2 java.base@17.0.8
j  sun.security.jca.GetInstance.getInstance(Ljava/lang/String;Ljava/lang/Class;Ljava/lang/String;)Lsun/security/jca/GetInstance$Instance;+56 java.base@17.0.8
j  javax.net.ssl.SSLContext.getInstance(Ljava/lang/String;)Ljavax/net/ssl/SSLContext;+12 java.base@17.0.8
j  externalApp.ExternalAppUtil.sendIdeRequest(Ljava/lang/String;ILjava/lang/String;Ljava/lang/String;)LexternalApp/ExternalAppUtil$Result;+34
j  git4idea.http.GitAskPassApp.main([Ljava/lang/String;)V+37
v  ~StubRoutines::call_stub

---------------  P R O C E S S  ---------------

Threads class SMR info:
_java_thread_list=0x0000026be1a8f780, length=12, elements={
0x0000026bc777f110, 0x0000026be174d770, 0x0000026be174fc10, 0x0000026be18c9900,
0x0000026be18ca2c0, 0x0000026be18cac80, 0x0000026be18cb640, 0x0000026be18cc330,
0x0000026be18cd3f0, 0x0000026be18d0f50, 0x0000026be1aa87f0, 0x0000026be1ab31e0
}

Java Threads: ( => current thread )
=>0x0000026bc777f110 JavaThread "main" [_thread_in_vm, id=352, stack(0x000000cf15b00000,0x000000cf15c00000)]
  0x0000026be174d770 JavaThread "Reference Handler" daemon [_thread_blocked, id=5316, stack(0x000000cf16200000,0x000000cf16300000)]
  0x0000026be174fc10 JavaThread "Finalizer" daemon [_thread_blocked, id=4092, stack(0x000000cf16300000,0x000000cf16400000)]
  0x0000026be18c9900 JavaThread "Signal Dispatcher" daemon [_thread_blocked, id=25956, stack(0x000000cf16400000,0x000000cf16500000)]
  0x0000026be18ca2c0 JavaThread "Attach Listener" daemon [_thread_blocked, id=7644, stack(0x000000cf16500000,0x000000cf16600000)]
  0x0000026be18cac80 JavaThread "Service Thread" daemon [_thread_blocked, id=26284, stack(0x000000cf16600000,0x000000cf16700000)]
  0x0000026be18cb640 JavaThread "Monitor Deflation Thread" daemon [_thread_blocked, id=22008, stack(0x000000cf16700000,0x000000cf16800000)]
  0x0000026be18cc330 JavaThread "C2 CompilerThread0" daemon [_thread_blocked, id=26516, stack(0x000000cf16800000,0x000000cf16900000)]
  0x0000026be18cd3f0 JavaThread "C1 CompilerThread0" daemon [_thread_in_vm, id=21632, stack(0x000000cf16900000,0x000000cf16a00000)]
  0x0000026be18d0f50 JavaThread "Sweeper thread" daemon [_thread_blocked, id=3116, stack(0x000000cf16a00000,0x000000cf16b00000)]
  0x0000026be1aa87f0 JavaThread "Notification Thread" daemon [_thread_blocked, id=7692, stack(0x000000cf16b00000,0x000000cf16c00000)]
  0x0000026be1ab31e0 JavaThread "Common-Cleaner" daemon [_thread_blocked, id=6564, stack(0x000000cf16d00000,0x000000cf16e00000)]

Other Threads:
  0x0000026be16eef40 VMThread "VM Thread" [stack: 0x000000cf16100000,0x000000cf16200000] [id=21420]
  0x0000026be1959800 WatcherThread [stack: 0x000000cf16c00000,0x000000cf16d00000] [id=7044]
  0x0000026bc77d7550 GCTaskThread "GC Thread#0" [stack: 0x000000cf15c00000,0x000000cf15d00000] [id=7308]
  0x0000026bc77e71a0 ConcurrentGCThread "G1 Main Marker" [stack: 0x000000cf15d00000,0x000000cf15e00000] [id=25844]
  0x0000026bc77e7bb0 ConcurrentGCThread "G1 Conc#0" [stack: 0x000000cf15e00000,0x000000cf15f00000] [id=16008]
  0x0000026bc782d980 ConcurrentGCThread "G1 Refine#0" [stack: 0x000000cf15f00000,0x000000cf16000000] [id=18472]
  0x0000026bc782e2b0 ConcurrentGCThread "G1 Service" [stack: 0x000000cf16000000,0x000000cf16100000] [id=23120]

Threads with active compile tasks:
C1 CompilerThread0      511  293       3       java.util.regex.Pattern::append (43 bytes)

VM state: not at safepoint (normal execution)

VM Mutex/Monitor currently owned by a thread:  ([mutex/lock_event])
[0x0000026bc55f81a0] Metaspace_lock - owner thread: 0x0000026bc777f110
[0x0000026bc7778fd0] MethodData_lock - owner thread: 0x0000026be18cd3f0

Heap address: 0x0000000089800000, size: 1896 MB, Compressed Oops mode: 32-bit

CDS archive(s) not mapped
Compressed class space mapped at: 0x0000000100000000-0x0000000140000000, reserved size: 1073741824
Narrow klass base: 0x0000000000000000, Narrow klass shift: 3, Narrow klass range: 0x140000000

GC Precious Log:
 CPUs: 12 total, 12 available
 Memory: 7580M
 Large Page Support: Disabled
 NUMA Support: Disabled
 Compressed Oops: Enabled (32-bit)
 Heap Region Size: 1M
 Heap Min Capacity: 8M
 Heap Initial Capacity: 120M
 Heap Max Capacity: 1896M
 Pre-touch: Disabled
 Parallel Workers: 10
 Concurrent Workers: 3
 Concurrent Refinement Workers: 10
 Periodic GC: Disabled

Heap:
 garbage-first heap   total 122880K, used 3072K [0x0000000089800000, 0x0000000100000000)
  region size 1024K, 4 young (4096K), 0 survivors (0K)
 Metaspace       used 8828K, committed 8960K, reserved 1114112K
  class space    used 810K, committed 896K, reserved 1048576K

Heap Regions: E=young(eden), S=young(survivor), O=old, HS=humongous(starts), HC=humongous(continues), CS=collection set, F=free, OA=open archive, CA=closed archive, TAMS=top-at-mark-start (previous, next)
|   0|0x0000000089800000, 0x0000000089800000, 0x0000000089900000|  0%| F|  |TAMS 0x0000000089800000, 0x0000000089800000| Untracked 
|   1|0x0000000089900000, 0x0000000089900000, 0x0000000089a00000|  0%| F|  |TAMS 0x0000000089900000, 0x0000000089900000| Untracked 
|   2|0x0000000089a00000, 0x0000000089a00000, 0x0000000089b00000|  0%| F|  |TAMS 0x0000000089a00000, 0x0000000089a00000| Untracked 
|   3|0x0000000089b00000, 0x0000000089b00000, 0x0000000089c00000|  0%| F|  |TAMS 0x0000000089b00000, 0x0000000089b00000| Untracked 
|   4|0x0000000089c00000, 0x0000000089c00000, 0x0000000089d00000|  0%| F|  |TAMS 0x0000000089c00000, 0x0000000089c00000| Untracked 
|   5|0x0000000089d00000, 0x0000000089d00000, 0x0000000089e00000|  0%| F|  |TAMS 0x0000000089d00000, 0x0000000089d00000| Untracked 
|   6|0x0000000089e00000, 0x0000000089e00000, 0x0000000089f00000|  0%| F|  |TAMS 0x0000000089e00000, 0x0000000089e00000| Untracked 
|   7|0x0000000089f00000, 0x0000000089f00000, 0x000000008a000000|  0%| F|  |TAMS 0x0000000089f00000, 0x0000000089f00000| Untracked 
|   8|0x000000008a000000, 0x000000008a000000, 0x000000008a100000|  0%| F|  |TAMS 0x000000008a000000, 0x000000008a000000| Untracked 
|   9|0x000000008a100000, 0x000000008a100000, 0x000000008a200000|  0%| F|  |TAMS 0x000000008a100000, 0x000000008a100000| Untracked 
|  10|0x000000008a200000, 0x000000008a200000, 0x000000008a300000|  0%| F|  |TAMS 0x000000008a200000, 0x000000008a200000| Untracked 
|  11|0x000000008a300000, 0x000000008a300000, 0x000000008a400000|  0%| F|  |TAMS 0x000000008a300000, 0x000000008a300000| Untracked 
|  12|0x000000008a400000, 0x000000008a400000, 0x000000008a500000|  0%| F|  |TAMS 0x000000008a400000, 0x000000008a400000| Untracked 
|  13|0x000000008a500000, 0x000000008a500000, 0x000000008a600000|  0%| F|  |TAMS 0x000000008a500000, 0x000000008a500000| Untracked 
|  14|0x000000008a600000, 0x000000008a600000, 0x000000008a700000|  0%| F|  |TAMS 0x000000008a600000, 0x000000008a600000| Untracked 
|  15|0x000000008a700000, 0x000000008a700000, 0x000000008a800000|  0%| F|  |TAMS 0x000000008a700000, 0x000000008a700000| Untracked 
|  16|0x000000008a800000, 0x000000008a800000, 0x000000008a900000|  0%| F|  |TAMS 0x000000008a800000, 0x000000008a800000| Untracked 
|  17|0x000000008a900000, 0x000000008a900000, 0x000000008aa00000|  0%| F|  |TAMS 0x000000008a900000, 0x000000008a900000| Untracked 
|  18|0x000000008aa00000, 0x000000008aa00000, 0x000000008ab00000|  0%| F|  |TAMS 0x000000008aa00000, 0x000000008aa00000| Untracked 
|  19|0x000000008ab00000, 0x000000008ab00000, 0x000000008ac00000|  0%| F|  |TAMS 0x000000008ab00000, 0x000000008ab00000| Untracked 
|  20|0x000000008ac00000, 0x000000008ac00000, 0x000000008ad00000|  0%| F|  |TAMS 0x000000008ac00000, 0x000000008ac00000| Untracked 
|  21|0x000000008ad00000, 0x000000008ad00000, 0x000000008ae00000|  0%| F|  |TAMS 0x000000008ad00000, 0x000000008ad00000| Untracked 
|  22|0x000000008ae00000, 0x000000008ae00000, 0x000000008af00000|  0%| F|  |TAMS 0x000000008ae00000, 0x000000008ae00000| Untracked 
|  23|0x000000008af00000, 0x000000008af00000, 0x000000008b000000|  0%| F|  |TAMS 0x000000008af00000, 0x000000008af00000| Untracked 
|  24|0x000000008b000000, 0x000000008b000000, 0x000000008b100000|  0%| F|  |TAMS 0x000000008b000000, 0x000000008b000000| Untracked 
|  25|0x000000008b100000, 0x000000008b100000, 0x000000008b200000|  0%| F|  |TAMS 0x000000008b100000, 0x000000008b100000| Untracked 
|  26|0x000000008b200000, 0x000000008b200000, 0x000000008b300000|  0%| F|  |TAMS 0x000000008b200000, 0x000000008b200000| Untracked 
|  27|0x000000008b300000, 0x000000008b300000, 0x000000008b400000|  0%| F|  |TAMS 0x000000008b300000, 0x000000008b300000| Untracked 
|  28|0x000000008b400000, 0x000000008b400000, 0x000000008b500000|  0%| F|  |TAMS 0x000000008b400000, 0x000000008b400000| Untracked 
|  29|0x000000008b500000, 0x000000008b500000, 0x000000008b600000|  0%| F|  |TAMS 0x000000008b500000, 0x000000008b500000| Untracked 
|  30|0x000000008b600000, 0x000000008b600000, 0x000000008b700000|  0%| F|  |TAMS 0x000000008b600000, 0x000000008b600000| Untracked 
|  31|0x000000008b700000, 0x000000008b700000, 0x000000008b800000|  0%| F|  |TAMS 0x000000008b700000, 0x000000008b700000| Untracked 
|  32|0x000000008b800000, 0x000000008b800000, 0x000000008b900000|  0%| F|  |TAMS 0x000000008b800000, 0x000000008b800000| Untracked 
|  33|0x000000008b900000, 0x000000008b900000, 0x000000008ba00000|  0%| F|  |TAMS 0x000000008b900000, 0x000000008b900000| Untracked 
|  34|0x000000008ba00000, 0x000000008ba00000, 0x000000008bb00000|  0%| F|  |TAMS 0x000000008ba00000, 0x000000008ba00000| Untracked 
|  35|0x000000008bb00000, 0x000000008bb00000, 0x000000008bc00000|  0%| F|  |TAMS 0x000000008bb00000, 0x000000008bb00000| Untracked 
|  36|0x000000008bc00000, 0x000000008bc00000, 0x000000008bd00000|  0%| F|  |TAMS 0x000000008bc00000, 0x000000008bc00000| Untracked 
|  37|0x000000008bd00000, 0x000000008bd00000, 0x000000008be00000|  0%| F|  |TAMS 0x000000008bd00000, 0x000000008bd00000| Untracked 
|  38|0x000000008be00000, 0x000000008be00000, 0x000000008bf00000|  0%| F|  |TAMS 0x000000008be00000, 0x000000008be00000| Untracked 
|  39|0x000000008bf00000, 0x000000008bf00000, 0x000000008c000000|  0%| F|  |TAMS 0x000000008bf00000, 0x000000008bf00000| Untracked 
|  40|0x000000008c000000, 0x000000008c000000, 0x000000008c100000|  0%| F|  |TAMS 0x000000008c000000, 0x000000008c000000| Untracked 
|  41|0x000000008c100000, 0x000000008c100000, 0x000000008c200000|  0%| F|  |TAMS 0x000000008c100000, 0x000000008c100000| Untracked 
|  42|0x000000008c200000, 0x000000008c200000, 0x000000008c300000|  0%| F|  |TAMS 0x000000008c200000, 0x000000008c200000| Untracked 
|  43|0x000000008c300000, 0x000000008c300000, 0x000000008c400000|  0%| F|  |TAMS 0x000000008c300000, 0x000000008c300000| Untracked 
|  44|0x000000008c400000, 0x000000008c400000, 0x000000008c500000|  0%| F|  |TAMS 0x000000008c400000, 0x000000008c400000| Untracked 
|  45|0x000000008c500000, 0x000000008c500000, 0x000000008c600000|  0%| F|  |TAMS 0x000000008c500000, 0x000000008c500000| Untracked 
|  46|0x000000008c600000, 0x000000008c600000, 0x000000008c700000|  0%| F|  |TAMS 0x000000008c600000, 0x000000008c600000| Untracked 
|  47|0x000000008c700000, 0x000000008c700000, 0x000000008c800000|  0%| F|  |TAMS 0x000000008c700000, 0x000000008c700000| Untracked 
|  48|0x000000008c800000, 0x000000008c800000, 0x000000008c900000|  0%| F|  |TAMS 0x000000008c800000, 0x000000008c800000| Untracked 
|  49|0x000000008c900000, 0x000000008c900000, 0x000000008ca00000|  0%| F|  |TAMS 0x000000008c900000, 0x000000008c900000| Untracked 
|  50|0x000000008ca00000, 0x000000008ca00000, 0x000000008cb00000|  0%| F|  |TAMS 0x000000008ca00000, 0x000000008ca00000| Untracked 
|  51|0x000000008cb00000, 0x000000008cb00000, 0x000000008cc00000|  0%| F|  |TAMS 0x000000008cb00000, 0x000000008cb00000| Untracked 
|  52|0x000000008cc00000, 0x000000008cc00000, 0x000000008cd00000|  0%| F|  |TAMS 0x000000008cc00000, 0x000000008cc00000| Untracked 
|  53|0x000000008cd00000, 0x000000008cd00000, 0x000000008ce00000|  0%| F|  |TAMS 0x000000008cd00000, 0x000000008cd00000| Untracked 
|  54|0x000000008ce00000, 0x000000008ce00000, 0x000000008cf00000|  0%| F|  |TAMS 0x000000008ce00000, 0x000000008ce00000| Untracked 
|  55|0x000000008cf00000, 0x000000008cf00000, 0x000000008d000000|  0%| F|  |TAMS 0x000000008cf00000, 0x000000008cf00000| Untracked 
|  56|0x000000008d000000, 0x000000008d000000, 0x000000008d100000|  0%| F|  |TAMS 0x000000008d000000, 0x000000008d000000| Untracked 
|  57|0x000000008d100000, 0x000000008d100000, 0x000000008d200000|  0%| F|  |TAMS 0x000000008d100000, 0x000000008d100000| Untracked 
|  58|0x000000008d200000, 0x000000008d200000, 0x000000008d300000|  0%| F|  |TAMS 0x000000008d200000, 0x000000008d200000| Untracked 
|  59|0x000000008d300000, 0x000000008d300000, 0x000000008d400000|  0%| F|  |TAMS 0x000000008d300000, 0x000000008d300000| Untracked 
|  60|0x000000008d400000, 0x000000008d400000, 0x000000008d500000|  0%| F|  |TAMS 0x000000008d400000, 0x000000008d400000| Untracked 
|  61|0x000000008d500000, 0x000000008d500000, 0x000000008d600000|  0%| F|  |TAMS 0x000000008d500000, 0x000000008d500000| Untracked 
|  62|0x000000008d600000, 0x000000008d600000, 0x000000008d700000|  0%| F|  |TAMS 0x000000008d600000, 0x000000008d600000| Untracked 
|  63|0x000000008d700000, 0x000000008d700000, 0x000000008d800000|  0%| F|  |TAMS 0x000000008d700000, 0x000000008d700000| Untracked 
|  64|0x000000008d800000, 0x000000008d800000, 0x000000008d900000|  0%| F|  |TAMS 0x000000008d800000, 0x000000008d800000| Untracked 
|  65|0x000000008d900000, 0x000000008d900000, 0x000000008da00000|  0%| F|  |TAMS 0x000000008d900000, 0x000000008d900000| Untracked 
|  66|0x000000008da00000, 0x000000008da00000, 0x000000008db00000|  0%| F|  |TAMS 0x000000008da00000, 0x000000008da00000| Untracked 
|  67|0x000000008db00000, 0x000000008db00000, 0x000000008dc00000|  0%| F|  |TAMS 0x000000008db00000, 0x000000008db00000| Untracked 
|  68|0x000000008dc00000, 0x000000008dc00000, 0x000000008dd00000|  0%| F|  |TAMS 0x000000008dc00000, 0x000000008dc00000| Untracked 
|  69|0x000000008dd00000, 0x000000008dd00000, 0x000000008de00000|  0%| F|  |TAMS 0x000000008dd00000, 0x000000008dd00000| Untracked 
|  70|0x000000008de00000, 0x000000008de00000, 0x000000008df00000|  0%| F|  |TAMS 0x000000008de00000, 0x000000008de00000| Untracked 
|  71|0x000000008df00000, 0x000000008df00000, 0x000000008e000000|  0%| F|  |TAMS 0x000000008df00000, 0x000000008df00000| Untracked 
|  72|0x000000008e000000, 0x000000008e000000, 0x000000008e100000|  0%| F|  |TAMS 0x000000008e000000, 0x000000008e000000| Untracked 
|  73|0x000000008e100000, 0x000000008e100000, 0x000000008e200000|  0%| F|  |TAMS 0x000000008e100000, 0x000000008e100000| Untracked 
|  74|0x000000008e200000, 0x000000008e200000, 0x000000008e300000|  0%| F|  |TAMS 0x000000008e200000, 0x000000008e200000| Untracked 
|  75|0x000000008e300000, 0x000000008e300000, 0x000000008e400000|  0%| F|  |TAMS 0x000000008e300000, 0x000000008e300000| Untracked 
|  76|0x000000008e400000, 0x000000008e400000, 0x000000008e500000|  0%| F|  |TAMS 0x000000008e400000, 0x000000008e400000| Untracked 
|  77|0x000000008e500000, 0x000000008e500000, 0x000000008e600000|  0%| F|  |TAMS 0x000000008e500000, 0x000000008e500000| Untracked 
|  78|0x000000008e600000, 0x000000008e600000, 0x000000008e700000|  0%| F|  |TAMS 0x000000008e600000, 0x000000008e600000| Untracked 
|  79|0x000000008e700000, 0x000000008e700000, 0x000000008e800000|  0%| F|  |TAMS 0x000000008e700000, 0x000000008e700000| Untracked 
|  80|0x000000008e800000, 0x000000008e800000, 0x000000008e900000|  0%| F|  |TAMS 0x000000008e800000, 0x000000008e800000| Untracked 
|  81|0x000000008e900000, 0x000000008e900000, 0x000000008ea00000|  0%| F|  |TAMS 0x000000008e900000, 0x000000008e900000| Untracked 
|  82|0x000000008ea00000, 0x000000008ea00000, 0x000000008eb00000|  0%| F|  |TAMS 0x000000008ea00000, 0x000000008ea00000| Untracked 
|  83|0x000000008eb00000, 0x000000008eb00000, 0x000000008ec00000|  0%| F|  |TAMS 0x000000008eb00000, 0x000000008eb00000| Untracked 
|  84|0x000000008ec00000, 0x000000008ec00000, 0x000000008ed00000|  0%| F|  |TAMS 0x000000008ec00000, 0x000000008ec00000| Untracked 
|  85|0x000000008ed00000, 0x000000008ed00000, 0x000000008ee00000|  0%| F|  |TAMS 0x000000008ed00000, 0x000000008ed00000| Untracked 
|  86|0x000000008ee00000, 0x000000008ee00000, 0x000000008ef00000|  0%| F|  |TAMS 0x000000008ee00000, 0x000000008ee00000| Untracked 
|  87|0x000000008ef00000, 0x000000008ef00000, 0x000000008f000000|  0%| F|  |TAMS 0x000000008ef00000, 0x000000008ef00000| Untracked 
|  88|0x000000008f000000, 0x000000008f000000, 0x000000008f100000|  0%| F|  |TAMS 0x000000008f000000, 0x000000008f000000| Untracked 
|  89|0x000000008f100000, 0x000000008f100000, 0x000000008f200000|  0%| F|  |TAMS 0x000000008f100000, 0x000000008f100000| Untracked 
|  90|0x000000008f200000, 0x000000008f200000, 0x000000008f300000|  0%| F|  |TAMS 0x000000008f200000, 0x000000008f200000| Untracked 
|  91|0x000000008f300000, 0x000000008f300000, 0x000000008f400000|  0%| F|  |TAMS 0x000000008f300000, 0x000000008f300000| Untracked 
|  92|0x000000008f400000, 0x000000008f400000, 0x000000008f500000|  0%| F|  |TAMS 0x000000008f400000, 0x000000008f400000| Untracked 
|  93|0x000000008f500000, 0x000000008f500000, 0x000000008f600000|  0%| F|  |TAMS 0x000000008f500000, 0x000000008f500000| Untracked 
|  94|0x000000008f600000, 0x000000008f600000, 0x000000008f700000|  0%| F|  |TAMS 0x000000008f600000, 0x000000008f600000| Untracked 
|  95|0x000000008f700000, 0x000000008f700000, 0x000000008f800000|  0%| F|  |TAMS 0x000000008f700000, 0x000000008f700000| Untracked 
|  96|0x000000008f800000, 0x000000008f800000, 0x000000008f900000|  0%| F|  |TAMS 0x000000008f800000, 0x000000008f800000| Untracked 
|  97|0x000000008f900000, 0x000000008f900000, 0x000000008fa00000|  0%| F|  |TAMS 0x000000008f900000, 0x000000008f900000| Untracked 
|  98|0x000000008fa00000, 0x000000008fa00000, 0x000000008fb00000|  0%| F|  |TAMS 0x000000008fa00000, 0x000000008fa00000| Untracked 
|  99|0x000000008fb00000, 0x000000008fb00000, 0x000000008fc00000|  0%| F|  |TAMS 0x000000008fb00000, 0x000000008fb00000| Untracked 
| 100|0x000000008fc00000, 0x000000008fc00000, 0x000000008fd00000|  0%| F|  |TAMS 0x000000008fc00000, 0x000000008fc00000| Untracked 
| 101|0x000000008fd00000, 0x000000008fd00000, 0x000000008fe00000|  0%| F|  |TAMS 0x000000008fd00000, 0x000000008fd00000| Untracked 
| 102|0x000000008fe00000, 0x000000008fe00000, 0x000000008ff00000|  0%| F|  |TAMS 0x000000008fe00000, 0x000000008fe00000| Untracked 
| 103|0x000000008ff00000, 0x000000008ff00000, 0x0000000090000000|  0%| F|  |TAMS 0x000000008ff00000, 0x000000008ff00000| Untracked 
| 104|0x0000000090000000, 0x0000000090000000, 0x0000000090100000|  0%| F|  |TAMS 0x0000000090000000, 0x0000000090000000| Untracked 
| 105|0x0000000090100000, 0x0000000090100000, 0x0000000090200000|  0%| F|  |TAMS 0x0000000090100000, 0x0000000090100000| Untracked 
| 106|0x0000000090200000, 0x0000000090200000, 0x0000000090300000|  0%| F|  |TAMS 0x0000000090200000, 0x0000000090200000| Untracked 
| 107|0x0000000090300000, 0x0000000090300000, 0x0000000090400000|  0%| F|  |TAMS 0x0000000090300000, 0x0000000090300000| Untracked 
| 108|0x0000000090400000, 0x0000000090400000, 0x0000000090500000|  0%| F|  |TAMS 0x0000000090400000, 0x0000000090400000| Untracked 
| 109|0x0000000090500000, 0x0000000090500000, 0x0000000090600000|  0%| F|  |TAMS 0x0000000090500000, 0x0000000090500000| Untracked 
| 110|0x0000000090600000, 0x0000000090600000, 0x0000000090700000|  0%| F|  |TAMS 0x0000000090600000, 0x0000000090600000| Untracked 
| 111|0x0000000090700000, 0x0000000090700000, 0x0000000090800000|  0%| F|  |TAMS 0x0000000090700000, 0x0000000090700000| Untracked 
| 112|0x0000000090800000, 0x0000000090800000, 0x0000000090900000|  0%| F|  |TAMS 0x0000000090800000, 0x0000000090800000| Untracked 
| 113|0x0000000090900000, 0x0000000090900000, 0x0000000090a00000|  0%| F|  |TAMS 0x0000000090900000, 0x0000000090900000| Untracked 
| 114|0x0000000090a00000, 0x0000000090a00000, 0x0000000090b00000|  0%| F|  |TAMS 0x0000000090a00000, 0x0000000090a00000| Untracked 
| 115|0x0000000090b00000, 0x0000000090b00000, 0x0000000090c00000|  0%| F|  |TAMS 0x0000000090b00000, 0x0000000090b00000| Untracked 
| 116|0x0000000090c00000, 0x0000000090c76538, 0x0000000090d00000| 46%| E|  |TAMS 0x0000000090c00000, 0x0000000090c00000| Complete 
| 117|0x0000000090d00000, 0x0000000090e00000, 0x0000000090e00000|100%| E|CS|TAMS 0x0000000090d00000, 0x0000000090d00000| Complete 
| 118|0x0000000090e00000, 0x0000000090f00000, 0x0000000090f00000|100%| E|CS|TAMS 0x0000000090e00000, 0x0000000090e00000| Complete 
| 119|0x0000000090f00000, 0x0000000091000000, 0x0000000091000000|100%| E|CS|TAMS 0x0000000090f00000, 0x0000000090f00000| Complete 

Card table byte_map: [0x0000026bda7f0000,0x0000026bdabb0000] _byte_map_base: 0x0000026bda3a4000

Marking Bits (Prev, Next): (CMBitMap*) 0x0000026bc77d7b70, (CMBitMap*) 0x0000026bc77d7bb0
 Prev Bits: [0x0000026bdaf70000, 0x0000026bdcd10000)
 Next Bits: [0x0000026bdcd10000, 0x0000026bdeab0000)

Polling page: 0x0000026bc56f0000

Metaspace:

Usage:
  Non-class:      7.83 MB used.
      Class:    810.11 KB used.
       Both:      8.62 MB used.

Virtual space:
  Non-class space:       64.00 MB reserved,       7.88 MB ( 12%) committed,  1 nodes.
      Class space:        1.00 GB reserved,     896.00 KB ( <1%) committed,  1 nodes.
             Both:        1.06 GB reserved,       8.75 MB ( <1%) committed. 

Chunk freelists:
   Non-Class:  8.10 MB
       Class:  15.10 MB
        Both:  23.20 MB

MaxMetaspaceSize: unlimited
CompressedClassSpaceSize: 1.00 GB
Initial GC threshold: 21.00 MB
Current GC threshold: 21.00 MB
CDS: off
MetaspaceReclaimPolicy: balanced
 - commit_granule_bytes: 65536.
 - commit_granule_words: 8192.
 - virtual_space_node_default_size: 8388608.
 - enlarge_chunks_in_place: 1.
 - new_chunks_are_fully_committed: 0.
 - uncommit_free_chunks: 1.
 - use_allocation_guard: 0.
 - handle_deallocations: 1.


Internal statistics:

num_allocs_failed_limit: 0.
num_arena_births: 20.
num_arena_deaths: 0.
num_vsnodes_births: 2.
num_vsnodes_deaths: 0.
num_space_committed: 140.
num_space_uncommitted: 0.
num_chunks_returned_to_freelist: 0.
num_chunks_taken_from_freelist: 46.
num_chunk_merges: 0.
num_chunk_splits: 24.
num_chunks_enlarged: 15.
num_inconsistent_stats: 0.

CodeHeap 'non-profiled nmethods': size=120000Kb used=88Kb max_used=88Kb free=119911Kb
 bounds [0x0000026bd29b0000, 0x0000026bd2c20000, 0x0000026bd9ee0000]
CodeHeap 'profiled nmethods': size=120000Kb used=367Kb max_used=367Kb free=119632Kb
 bounds [0x0000026bcaee0000, 0x0000026bcb150000, 0x0000026bd2410000]
CodeHeap 'non-nmethods': size=5760Kb used=1133Kb max_used=1148Kb free=4626Kb
 bounds [0x0000026bd2410000, 0x0000026bd2680000, 0x0000026bd29b0000]
 total_blobs=710 nmethods=291 adapters=332
 compilation: enabled
              stopped_count=0, restarted_count=0
 full_count=0

Compilation events (20 events):
Event: 0.471 Thread 0x0000026be18cd3f0 nmethod 286 0x0000026bcaf39490 code [0x0000026bcaf39620, 0x0000026bcaf39778]
Event: 0.471 Thread 0x0000026be18cd3f0  283       3       java.lang.Integer::numberOfLeadingZeros (79 bytes)
Event: 0.471 Thread 0x0000026be18cc330 nmethod 281 0x0000026bd29c4890 code [0x0000026bd29c4a00, 0x0000026bd29c4a78]
Event: 0.472 Thread 0x0000026be18cd3f0 nmethod 283 0x0000026bcaf39810 code [0x0000026bcaf399c0, 0x0000026bcaf39c98]
Event: 0.472 Thread 0x0000026be18cd3f0  285       1       java.util.Spliterators$IteratorSpliterator::characteristics (5 bytes)
Event: 0.472 Thread 0x0000026be18cd3f0 nmethod 285 0x0000026bd29c4b90 code [0x0000026bd29c4d20, 0x0000026bd29c4df8]
Event: 0.472 Thread 0x0000026be18cd3f0  277       3       jdk.internal.misc.Unsafe::allocateUninitializedArray0 (90 bytes)
Event: 0.472 Thread 0x0000026be18cc330  287       4       java.lang.StringLatin1::toUpperCase (186 bytes)
Event: 0.472 Thread 0x0000026be18cd3f0 nmethod 277 0x0000026bcaf39d10 code [0x0000026bcaf39f20, 0x0000026bcaf3a858]
Event: 0.472 Thread 0x0000026be18cd3f0  288       3       java.security.Provider::checkInitialized (16 bytes)
Event: 0.472 Thread 0x0000026be18cd3f0 nmethod 288 0x0000026bcaf3a990 code [0x0000026bcaf3ab40, 0x0000026bcaf3ad68]
Event: 0.472 Thread 0x0000026be18cd3f0  280       1       java.lang.module.ModuleDescriptor::packages (5 bytes)
Event: 0.472 Thread 0x0000026be18cd3f0 nmethod 280 0x0000026bd29c4e90 code [0x0000026bd29c5020, 0x0000026bd29c50f8]
Event: 0.473 Thread 0x0000026be18cd3f0  289       3       java.lang.Character::charCount (12 bytes)
Event: 0.473 Thread 0x0000026be18cd3f0 nmethod 289 0x0000026bcaf3ae90 code [0x0000026bcaf3b020, 0x0000026bcaf3b198]
Event: 0.473 Thread 0x0000026be18cd3f0  290       3       java.lang.String::codePointAt (50 bytes)
Event: 0.473 Thread 0x0000026be18cd3f0 nmethod 290 0x0000026bcaf3b210 code [0x0000026bcaf3b400, 0x0000026bcaf3b7a8]
Event: 0.473 Thread 0x0000026be18cd3f0  292       3       java.util.regex.Pattern::next (33 bytes)
Event: 0.474 Thread 0x0000026be18cd3f0 nmethod 292 0x0000026bcaf3b990 code [0x0000026bcaf3bb40, 0x0000026bcaf3bda8]
Event: 0.474 Thread 0x0000026be18cd3f0  293       3       java.util.regex.Pattern::append (43 bytes)

GC Heap History (0 events):
No events

Dll operation events (1 events):
Event: 0.032 Loaded shared library C:\Program Files\JetBrains\IntelliJ IDEA 2023.2.2\jbr\bin\java.dll

Deoptimization events (0 events):
No events

Classes unloaded (0 events):
No events

Classes redefined (0 events):
No events

Internal exceptions (7 events):
Event: 0.420 Thread 0x0000026bc777f110 Exception <a 'sun/nio/fs/WindowsException'{0x0000000090dc2f38}> (0x0000000090dc2f38) 
thrown [s\src\hotspot\share\prims\jni.cpp, line 517]
Event: 0.452 Thread 0x0000026bc777f110 Exception <a 'java/lang/NoSuchMethodError'{0x0000000090dee5b8}: 'int java.lang.invoke.DirectMethodHandle$Holder.invokeStaticInit(java.lang.Object, java.lang.Object, java.lang.Object, java.lang.Object)'> (0x0000000090dee5b8) 
thrown [s\src\hotspot\share\interpreter\linkResolver.cpp, line 771]
Event: 0.454 Thread 0x0000026bc777f110 Exception <a 'java/lang/NoSuchMethodError'{0x0000000090df9218}: 'java.lang.Object java.lang.invoke.DirectMethodHandle$Holder.invokeInterface(java.lang.Object, java.lang.Object)'> (0x0000000090df9218) 
thrown [s\src\hotspot\share\interpreter\linkResolver.cpp, line 771]
Event: 0.457 Thread 0x0000026bc777f110 Exception <a 'java/lang/IncompatibleClassChangeError'{0x0000000090dfcb38}: Found class java.lang.Object, but interface was expected> (0x0000000090dfcb38) 
thrown [s\src\hotspot\share\interpreter\linkResolver.cpp, line 838]
Event: 0.459 Thread 0x0000026bc777f110 Exception <a 'java/lang/NoSuchMethodError'{0x0000000090c00130}: 'void java.lang.invoke.DirectMethodHandle$Holder.invokeStatic(java.lang.Object, java.lang.Object)'> (0x0000000090c00130) 
thrown [s\src\hotspot\share\interpreter\linkResolver.cpp, line 771]
Event: 0.460 Thread 0x0000026bc777f110 Exception <a 'java/lang/NoSuchMethodError'{0x0000000090c03cb0}: 'void java.lang.invoke.DirectMethodHandle$Holder.invokeStaticInit(java.lang.Object, java.lang.Object)'> (0x0000000090c03cb0) 
thrown [s\src\hotspot\share\interpreter\linkResolver.cpp, line 771]
Event: 0.462 Thread 0x0000026bc777f110 Exception <a 'java/lang/NoSuchMethodError'{0x0000000090c0a5a8}: 'int java.lang.invoke.DirectMethodHandle$Holder.invokeStaticInit(java.lang.Object, java.lang.Object)'> (0x0000000090c0a5a8) 
thrown [s\src\hotspot\share\interpreter\linkResolver.cpp, line 771]

VM Operations (4 events):
Event: 0.223 Executing VM operation: HandshakeAllThreads
Event: 0.223 Executing VM operation: HandshakeAllThreads done
Event: 0.249 Executing VM operation: HandshakeAllThreads
Event: 0.249 Executing VM operation: HandshakeAllThreads done

Events (20 events):
Event: 0.462 loading class java/util/stream/ReferencePipeline$3$1 done
Event: 0.462 loading class java/util/stream/ReferencePipeline$2$1
Event: 0.462 loading class java/util/stream/ReferencePipeline$2$1 done
Event: 0.467 loading class java/util/HashMap$KeySpliterator
Event: 0.468 loading class java/util/HashMap$HashMapSpliterator
Event: 0.468 loading class java/util/HashMap$HashMapSpliterator done
Event: 0.468 loading class java/util/HashMap$KeySpliterator done
Event: 0.471 loading class javax/crypto/JceSecurityManager$1
Event: 0.472 loading class javax/crypto/JceSecurityManager$1 done
Event: 0.472 loading class com/sun/crypto/provider/DESedeCipher
Event: 0.472 loading class com/sun/crypto/provider/DESedeCipher done
Event: 0.473 loading class com/sun/crypto/provider/DESedeCrypt
Event: 0.473 loading class com/sun/crypto/provider/DESedeCrypt done
Event: 0.473 loading class com/sun/crypto/provider/AESCipher$General
Event: 0.473 loading class com/sun/crypto/provider/AESCipher
Event: 0.473 loading class com/sun/crypto/provider/AESCipher done
Event: 0.473 loading class com/sun/crypto/provider/AESCipher$General done
Event: 0.473 loading class com/sun/crypto/provider/AESCrypt
Event: 0.474 loading class com/sun/crypto/provider/AESConstants
Event: 0.474 loading class com/sun/crypto/provider/AESConstants done


Dynamic libraries:
0x00007ff6b34f0000 - 0x00007ff6b34fa000 	C:\Program Files\JetBrains\IntelliJ IDEA 2023.2.2\jbr\bin\java.exe
0x00007ffff7050000 - 0x00007ffff7267000 	C:\WINDOWS\SYSTEM32\ntdll.dll
0x00007ffff5ad0000 - 0x00007ffff5b94000 	C:\WINDOWS\System32\KERNEL32.DLL
0x00007ffff4350000 - 0x00007ffff4709000 	C:\WINDOWS\System32\KERNELBASE.dll
0x00007ffff4710000 - 0x00007ffff4821000 	C:\WINDOWS\System32\ucrtbase.dll
0x00007fffb4180000 - 0x00007fffb4197000 	C:\Program Files\JetBrains\IntelliJ IDEA 2023.2.2\jbr\bin\jli.dll
0x00007ffff6280000 - 0x00007ffff642e000 	C:\WINDOWS\System32\USER32.dll
0x00007fffdfae0000 - 0x00007fffdfd72000 	C:\WINDOWS\WinSxS\amd64_microsoft.windows.common-controls_6595b64144ccf1df_6.0.22621.4391_none_2715d37f73803e96\COMCTL32.dll
0x00007ffff4a90000 - 0x00007ffff4ab6000 	C:\WINDOWS\System32\win32u.dll
0x00007ffff6430000 - 0x00007ffff6459000 	C:\WINDOWS\System32\GDI32.dll
0x00007ffff60d0000 - 0x00007ffff6177000 	C:\WINDOWS\System32\msvcrt.dll
0x00007ffff4970000 - 0x00007ffff4a8b000 	C:\WINDOWS\System32\gdi32full.dll
0x00007ffff4ca0000 - 0x00007ffff4d3a000 	C:\WINDOWS\System32\msvcp_win.dll
0x00007fffcdd10000 - 0x00007fffcdd2b000 	C:\Program Files\JetBrains\IntelliJ IDEA 2023.2.2\jbr\bin\VCRUNTIME140.dll
0x00007ffff5bd0000 - 0x00007ffff5c01000 	C:\WINDOWS\System32\IMM32.DLL
0x00007fffcdef0000 - 0x00007fffcdefc000 	C:\Program Files\JetBrains\IntelliJ IDEA 2023.2.2\jbr\bin\vcruntime140_1.dll
0x00007fffb2f60000 - 0x00007fffb2fed000 	C:\Program Files\JetBrains\IntelliJ IDEA 2023.2.2\jbr\bin\msvcp140.dll
0x00007fffb0810000 - 0x00007fffb1493000 	C:\Program Files\JetBrains\IntelliJ IDEA 2023.2.2\jbr\bin\server\jvm.dll
0x00007ffff5cc0000 - 0x00007ffff5d72000 	C:\WINDOWS\System32\ADVAPI32.dll
0x00007ffff6f60000 - 0x00007ffff7007000 	C:\WINDOWS\System32\sechost.dll
0x00007ffff4d40000 - 0x00007ffff4d68000 	C:\WINDOWS\System32\bcrypt.dll
0x00007ffff5fb0000 - 0x00007ffff60c4000 	C:\WINDOWS\System32\RPCRT4.dll
0x00007ffff31a0000 - 0x00007ffff31ed000 	C:\WINDOWS\SYSTEM32\POWRPROF.dll
0x00007fffe0210000 - 0x00007fffe0219000 	C:\WINDOWS\SYSTEM32\WSOCK32.dll
0x00007ffff5de0000 - 0x00007ffff5e51000 	C:\WINDOWS\System32\WS2_32.dll
0x00007fffee630000 - 0x00007fffee664000 	C:\WINDOWS\SYSTEM32\WINMM.dll
0x00007fffe94f0000 - 0x00007fffe94fa000 	C:\WINDOWS\SYSTEM32\VERSION.dll
0x00007ffff3180000 - 0x00007ffff3193000 	C:\WINDOWS\SYSTEM32\UMPDC.dll
0x00007ffff3440000 - 0x00007ffff3458000 	C:\WINDOWS\SYSTEM32\kernel.appcore.dll
0x00007fffee7d0000 - 0x00007fffee7da000 	C:\Program Files\JetBrains\IntelliJ IDEA 2023.2.2\jbr\bin\jimage.dll
0x00007ffff1b30000 - 0x00007ffff1d62000 	C:\WINDOWS\SYSTEM32\DBGHELP.DLL
0x00007ffff4f50000 - 0x00007ffff52df000 	C:\WINDOWS\System32\combase.dll
0x00007ffff5360000 - 0x00007ffff5437000 	C:\WINDOWS\System32\OLEAUT32.dll
0x00007fffe7190000 - 0x00007fffe71c2000 	C:\WINDOWS\SYSTEM32\dbgcore.DLL
0x00007ffff4830000 - 0x00007ffff48ab000 	C:\WINDOWS\System32\bcryptPrimitives.dll
0x00007fffbc5e0000 - 0x00007fffbc605000 	C:\Program Files\JetBrains\IntelliJ IDEA 2023.2.2\jbr\bin\java.dll
0x00007fffee7b0000 - 0x00007fffee7c8000 	C:\Program Files\JetBrains\IntelliJ IDEA 2023.2.2\jbr\bin\zip.dll
0x00007ffff66c0000 - 0x00007ffff6f36000 	C:\WINDOWS\System32\SHELL32.dll
0x00007ffff2250000 - 0x00007ffff2b53000 	C:\WINDOWS\SYSTEM32\windows.storage.dll
0x00007ffff2110000 - 0x00007ffff224f000 	C:\WINDOWS\SYSTEM32\wintypes.dll
0x00007ffff5eb0000 - 0x00007ffff5fa9000 	C:\WINDOWS\System32\SHCORE.dll
0x00007ffff5d80000 - 0x00007ffff5dde000 	C:\WINDOWS\System32\shlwapi.dll
0x00007ffff4280000 - 0x00007ffff42ab000 	C:\WINDOWS\SYSTEM32\profapi.dll
0x00007fffd8c00000 - 0x00007fffd8c19000 	C:\Program Files\JetBrains\IntelliJ IDEA 2023.2.2\jbr\bin\net.dll
0x00007fffef380000 - 0x00007fffef4b6000 	C:\WINDOWS\SYSTEM32\WINHTTP.dll
0x00007ffff38b0000 - 0x00007ffff3919000 	C:\WINDOWS\system32\mswsock.dll
0x00007fffbcb30000 - 0x00007fffbcb46000 	C:\Program Files\JetBrains\IntelliJ IDEA 2023.2.2\jbr\bin\nio.dll
0x00007fffe37c0000 - 0x00007fffe37ce000 	C:\Program Files\JetBrains\IntelliJ IDEA 2023.2.2\jbr\bin\sunmscapi.dll
0x00007ffff4b30000 - 0x00007ffff4c96000 	C:\WINDOWS\System32\CRYPT32.dll
0x00007ffff3cf0000 - 0x00007ffff3d1d000 	C:\WINDOWS\SYSTEM32\ncrypt.dll
0x00007ffff3cb0000 - 0x00007ffff3ce7000 	C:\WINDOWS\SYSTEM32\NTASN1.dll

dbghelp: loaded successfully - version: 4.0.5 - missing functions: none
symbol engine: initialized successfully - sym options: 0x614 - pdb path: .;C:\Program Files\JetBrains\IntelliJ IDEA 2023.2.2\jbr\bin;C:\WINDOWS\SYSTEM32;C:\WINDOWS\WinSxS\amd64_microsoft.windows.common-controls_6595b64144ccf1df_6.0.22621.4391_none_2715d37f73803e96;C:\Program Files\JetBrains\IntelliJ IDEA 2023.2.2\jbr\bin\server

VM Arguments:
java_command: git4idea.http.GitAskPassApp Password for 'https://raluca1704@github.com': 
java_class_path (initial): C:/Program Files/JetBrains/IntelliJ IDEA 2023.2.2/plugins/vcs-git/lib/git4idea-rt.jar;C:/Program Files/JetBrains/IntelliJ IDEA 2023.2.2/lib/externalProcess-rt.jar
Launcher Type: SUN_STANDARD

[Global flags]
     intx CICompilerCount                          = 4                                         {product} {ergonomic}
     uint ConcGCThreads                            = 3                                         {product} {ergonomic}
     uint G1ConcRefinementThreads                  = 10                                        {product} {ergonomic}
   size_t G1HeapRegionSize                         = 1048576                                   {product} {ergonomic}
    uintx GCDrainStackTargetSize                   = 64                                        {product} {ergonomic}
   size_t InitialHeapSize                          = 125829120                                 {product} {ergonomic}
   size_t MarkStackSize                            = 4194304                                   {product} {ergonomic}
   size_t MaxHeapSize                              = 1988100096                                {product} {ergonomic}
   size_t MaxNewSize                               = 1192230912                                {product} {ergonomic}
   size_t MinHeapDeltaBytes                        = 1048576                                   {product} {ergonomic}
   size_t MinHeapSize                              = 8388608                                   {product} {ergonomic}
    uintx NonNMethodCodeHeapSize                   = 5839372                                {pd product} {ergonomic}
    uintx NonProfiledCodeHeapSize                  = 122909434                              {pd product} {ergonomic}
    uintx ProfiledCodeHeapSize                     = 122909434                              {pd product} {ergonomic}
    uintx ReservedCodeCacheSize                    = 251658240                              {pd product} {ergonomic}
     bool SegmentedCodeCache                       = true                                      {product} {ergonomic}
   size_t SoftMaxHeapSize                          = 1988100096                             {manageable} {ergonomic}
     bool UseCompressedClassPointers               = true                           {product lp64_product} {ergonomic}
     bool UseCompressedOops                        = true                           {product lp64_product} {ergonomic}
     bool UseG1GC                                  = true                                      {product} {ergonomic}
     bool UseLargePagesIndividualAllocation        = false                                  {pd product} {ergonomic}

Logging:
Log output configuration:
 #0: stdout all=warning uptime,level,tags
 #1: stderr all=off uptime,level,tags

Environment Variables:
PATH=C:\Program Files\Git\mingw64\libexec\git-core;C:\Program Files\Git\mingw64\libexec\git-core;C:\Program Files\Git\mingw64\bin;C:\Program Files\Git\usr\bin;C:\Users\raluc\bin;C:\Program Files (x86)\Common Files\Oracle\Java\javapath;C:\WINDOWS\system32;C:\WINDOWS;C:\WINDOWS\System32\Wbem;C:\WINDOWS\System32\WindowsPowerShell\v1.0;C:\WINDOWS\System32\OpenSSH;C:\Program Files (x86)\Microsoft SQL Server\160\DTS\Binn;C:\Program Files\Azure Data Studio\bin;C:\Program Files (x86)\Microsoft SQL Server\160\Tools\Binn;C:\Program Files\Microsoft SQL Server\160\Tools\Binn;C:\Program Files\Microsoft SQL Server\Client SDK\ODBC\170\Tools\Binn;C:\Program Files\Microsoft SQL Server\160\DTS\Binn;C:\Program Files (x86)\Microsoft SQL Server\150\Tools\Binn;C:\Program Files\Microsoft SQL Server\150\Tools\Binn;C:\Program Files\Microsoft SQL Server\150\DTS\Binn;C:\Program Files\Git\cmd;C:\Program Files\Docker\Docker\resources\bin;C:\Program Files\nodejs;C:\Program Files\dotnet;C:\Program Files (x86)\Windows Kits\10\Windows Performance Toolkit;C:\Program Files\WireGuard;C:\Users\raluc\AppData\Local\Microsoft\WindowsApps;C:\Users\raluc\AppData\Local\atom\bin;C:\Users\raluc\AppData\Local\Microsoft\WindowsApps;C:\Program Files\JetBrains\CLion 2022.3.2\bin;C:\Program Files\JetBrains\IntelliJ IDEA 2023.2.2\bin;C:\Program Files\Azure Data Studio\bin;C:\Users\raluc\AppData\Local\Programs\Microsoft VS Code\bin;C:\Users\raluc\AppData\Roaming\npm;C:\Users\raluc\.dotnet\tools
USERNAME=raluc
DISPLAY=:0.0
LC_ALL=en_US.UTF-8
TERM=xterm-256color
TMPDIR=C:\Users\raluc\AppData\Local\Temp
OS=Windows_NT
PROCESSOR_IDENTIFIER=AMD64 Family 23 Model 104 Stepping 1, AuthenticAMD
TMP=C:\Users\raluc\AppData\Local\Temp
TEMP=C:\Users\raluc\AppData\Local\Temp


JNI global refs:
JNI global refs: 8, weak refs: 0

JNI global refs memory usage: 843, weak refs: 209

OOME stack traces (most recent first):
Classloader memory used:
Loader bootstrap                                                                       : 1092K
Loader jdk.internal.loader.ClassLoaders$PlatformClassLoader                            : 10000B
Loader jdk.internal.loader.ClassLoaders$AppClassLoader                                 : 1758B


---------------  S Y S T E M  ---------------

OS:
 Windows 11 , 64 bit Build 22621 (10.0.22621.4391)
OS uptime: 2 days 1:07 hours
Hyper-V role detected

CPU: total 12 (initial active 12) (12 cores per cpu, 2 threads per core) family 23 model 104 stepping 1 microcode 0x0, cx8, cmov, fxsr, ht, mmx, 3dnowpref, sse, sse2, sse3, ssse3, sse4a, sse4.1, sse4.2, popcnt, lzcnt, tsc, tscinvbit, avx, avx2, aes, clmul, bmi1, bmi2, adx, sha, fma, vzeroupper, clflush, clflushopt, hv
Processor Information for all 12 processors :
  Max Mhz: 2100, Current Mhz: 2100, Mhz Limit: 2100

Memory: 4k page, system-wide physical 7580M (1205M free)
TotalPageFile size 31132M (AvailPageFile size 2M)
current process WorkingSet (physical memory assigned to process): 42M, peak: 42M
current process commit charge ("private bytes"): 205M, peak: 206M

vm_info: OpenJDK 64-Bit Server VM (17.0.8+7-b1000.22) for windows-amd64 JRE (17.0.8+7-b1000.22), built on 2023-09-02 by "builduser" with MS VC++ 16.10 / 16.11 (VS2019)

END.
