#
# There is insufficient memory for the Java Runtime Environment to continue.
# Native memory allocation (malloc) failed to allocate 77696 bytes for Chunk::new
# Possible reasons:
#   The system is out of physical RAM or swap space
#   The process is running with CompressedOops enabled, and the Java Heap may be blocking the growth of the native heap
# Possible solutions:
#   Reduce memory load on the system
#   Increase physical memory or swap space
#   Check if swap backing store is full
#   Decrease Java heap size (-Xmx/-Xms)
#   Decrease number of Java threads
#   Decrease Java thread stack sizes (-Xss)
#   Set larger code cache with -XX:ReservedCodeCacheSize=
#   JVM is running with Unscaled Compressed Oops mode in which the Java heap is
#     placed in the first 4GB address space. The Java Heap base address is the
#     maximum limit for the native heap growth. Please use -XX:HeapBaseMinAddress
#     to set the Java Heap base and to place the Java Heap above 4GB virtual address.
# This output file may be truncated or incomplete.
#
#  Out of Memory Error (arena.cpp:189), pid=12232, tid=26560
#
# JRE version: OpenJDK Runtime Environment JBR-17.0.8+7-1000.22-jcef (17.0.8+7) (build 17.0.8+7-b1000.22)
# Java VM: OpenJDK 64-Bit Server VM JBR-17.0.8+7-1000.22-jcef (17.0.8+7-b1000.22, mixed mode, tiered, compressed oops, compressed class ptrs, g1 gc, windows-amd64)
# No core dump will be written. Minidumps are not enabled by default on client versions of Windows
#

---------------  S U M M A R Y ------------

Command Line: git4idea.http.GitAskPassApp Username for 'https://github.com': 

Host: AMD Ryzen 5 5500U with Radeon Graphics         , 12 cores, 7G,  Windows 11 , 64 bit Build 22621 (10.0.22621.4391)
Time: Wed Nov 20 23:02:25 2024 GTB Standard Time elapsed time: 1.942922 seconds (0d 0h 0m 1s)

---------------  T H R E A D  ---------------

Current thread (0x0000016f08063570):  JavaThread "C2 CompilerThread0" daemon [_thread_in_native, id=26560, stack(0x00000019fdc00000,0x00000019fdd00000)]


Current CompileTask:
C2:   1943  951       4       sun.security.util.math.intpoly.IntegerPolynomial$MutableElement::setSum (84 bytes)

Stack: [0x00000019fdc00000,0x00000019fdd00000]
Native frames: (J=compiled Java code, j=interpreted, Vv=VM code, C=native code)
V  [jvm.dll+0x6852da]
V  [jvm.dll+0x844c84]
V  [jvm.dll+0x84659e]
V  [jvm.dll+0x846c03]
V  [jvm.dll+0x24b7cf]
V  [jvm.dll+0xac3bc]
V  [jvm.dll+0xac98c]
V  [jvm.dll+0x2b2cef]
V  [jvm.dll+0x58d677]
V  [jvm.dll+0x226182]
V  [jvm.dll+0x22655f]
V  [jvm.dll+0x21f655]
V  [jvm.dll+0x21cb0b]
V  [jvm.dll+0x1a660d]
V  [jvm.dll+0x22c9c8]
V  [jvm.dll+0x22a990]
V  [jvm.dll+0x7f9d3c]
V  [jvm.dll+0x7f415a]
V  [jvm.dll+0x684115]
C  [ucrtbase.dll+0x29333]
C  [KERNEL32.DLL+0x1259d]
C  [ntdll.dll+0x5af38]


---------------  P R O C E S S  ---------------

Threads class SMR info:
_java_thread_list=0x0000016f08791110, length=15, elements={
0x0000016f6785ea70, 0x0000016f08010940, 0x0000016f080125d0, 0x0000016f08060680,
0x0000016f08061040, 0x0000016f08061a00, 0x0000016f080623c0, 0x0000016f08063570,
0x0000016f08067520, 0x0000016f08067f20, 0x0000016f081d97e0, 0x0000016f081e57f0,
0x0000016f085a8440, 0x0000016f087a54e0, 0x0000016f0878eee0
}

Java Threads: ( => current thread )
  0x0000016f6785ea70 JavaThread "main" [_thread_blocked, id=2444, stack(0x00000019fcf00000,0x00000019fd000000)]
  0x0000016f08010940 JavaThread "Reference Handler" daemon [_thread_blocked, id=25148, stack(0x00000019fd600000,0x00000019fd700000)]
  0x0000016f080125d0 JavaThread "Finalizer" daemon [_thread_blocked, id=13080, stack(0x00000019fd700000,0x00000019fd800000)]
  0x0000016f08060680 JavaThread "Signal Dispatcher" daemon [_thread_blocked, id=16816, stack(0x00000019fd800000,0x00000019fd900000)]
  0x0000016f08061040 JavaThread "Attach Listener" daemon [_thread_blocked, id=18724, stack(0x00000019fd900000,0x00000019fda00000)]
  0x0000016f08061a00 JavaThread "Service Thread" daemon [_thread_blocked, id=23620, stack(0x00000019fda00000,0x00000019fdb00000)]
  0x0000016f080623c0 JavaThread "Monitor Deflation Thread" daemon [_thread_blocked, id=20500, stack(0x00000019fdb00000,0x00000019fdc00000)]
=>0x0000016f08063570 JavaThread "C2 CompilerThread0" daemon [_thread_in_native, id=26560, stack(0x00000019fdc00000,0x00000019fdd00000)]
  0x0000016f08067520 JavaThread "C1 CompilerThread0" daemon [_thread_blocked, id=15152, stack(0x00000019fdd00000,0x00000019fde00000)]
  0x0000016f08067f20 JavaThread "Sweeper thread" daemon [_thread_blocked, id=24656, stack(0x00000019fde00000,0x00000019fdf00000)]
  0x0000016f081d97e0 JavaThread "Notification Thread" daemon [_thread_blocked, id=17184, stack(0x00000019fdf00000,0x00000019fe000000)]
  0x0000016f081e57f0 JavaThread "Common-Cleaner" daemon [_thread_blocked, id=26432, stack(0x00000019fe100000,0x00000019fe200000)]
  0x0000016f085a8440 JavaThread "HttpClient-1-SelectorManager" daemon [_thread_in_native, id=12472, stack(0x00000019fe200000,0x00000019fe300000)]
  0x0000016f087a54e0 JavaThread "HttpClient-1-Worker-0" daemon [_thread_blocked, id=10628, stack(0x00000019fe400000,0x00000019fe500000)]
  0x0000016f0878eee0 JavaThread "HttpClient-1-Worker-1" daemon [_thread_blocked, id=24732, stack(0x00000019fe500000,0x00000019fe600000)]

Other Threads:
  0x0000016f7f418ba0 VMThread "VM Thread" [stack: 0x00000019fd500000,0x00000019fd600000] [id=8664]
  0x0000016f69ad3a00 WatcherThread [stack: 0x00000019fe000000,0x00000019fe100000] [id=17568]
  0x0000016f69ab5e30 GCTaskThread "GC Thread#0" [stack: 0x00000019fd000000,0x00000019fd100000] [id=2572]
  0x0000016f69ac6220 ConcurrentGCThread "G1 Main Marker" [stack: 0x00000019fd100000,0x00000019fd200000] [id=23856]
  0x0000016f69ac6c30 ConcurrentGCThread "G1 Conc#0" [stack: 0x00000019fd200000,0x00000019fd300000] [id=22176]
  0x0000016f69b05b00 ConcurrentGCThread "G1 Refine#0" [stack: 0x00000019fd300000,0x00000019fd400000] [id=25904]
  0x0000016f7f284640 ConcurrentGCThread "G1 Service" [stack: 0x00000019fd400000,0x00000019fd500000] [id=26100]

Threads with active compile tasks:
C2 CompilerThread0     2001  951       4       sun.security.util.math.intpoly.IntegerPolynomial$MutableElement::setSum (84 bytes)

VM state: not at safepoint (normal execution)

VM Mutex/Monitor currently owned by a thread: None

Heap address: 0x0000000089800000, size: 1896 MB, Compressed Oops mode: 32-bit

CDS archive(s) not mapped
Compressed class space mapped at: 0x0000000100000000-0x0000000140000000, reserved size: 1073741824
Narrow klass base: 0x0000000000000000, Narrow klass shift: 3, Narrow klass range: 0x140000000

GC Precious Log:
 CPUs: 12 total, 12 available
 Memory: 7580M
 Large Page Support: Disabled
 NUMA Support: Disabled
 Compressed Oops: Enabled (32-bit)
 Heap Region Size: 1M
 Heap Min Capacity: 8M
 Heap Initial Capacity: 120M
 Heap Max Capacity: 1896M
 Pre-touch: Disabled
 Parallel Workers: 10
 Concurrent Workers: 3
 Concurrent Refinement Workers: 10
 Periodic GC: Disabled

Heap:
 garbage-first heap   total 122880K, used 12288K [0x0000000089800000, 0x0000000100000000)
  region size 1024K, 13 young (13312K), 0 survivors (0K)
 Metaspace       used 15292K, committed 15552K, reserved 1114112K
  class space    used 1593K, committed 1728K, reserved 1048576K

Heap Regions: E=young(eden), S=young(survivor), O=old, HS=humongous(starts), HC=humongous(continues), CS=collection set, F=free, OA=open archive, CA=closed archive, TAMS=top-at-mark-start (previous, next)
|   0|0x0000000089800000, 0x0000000089800000, 0x0000000089900000|  0%| F|  |TAMS 0x0000000089800000, 0x0000000089800000| Untracked 
|   1|0x0000000089900000, 0x0000000089900000, 0x0000000089a00000|  0%| F|  |TAMS 0x0000000089900000, 0x0000000089900000| Untracked 
|   2|0x0000000089a00000, 0x0000000089a00000, 0x0000000089b00000|  0%| F|  |TAMS 0x0000000089a00000, 0x0000000089a00000| Untracked 
|   3|0x0000000089b00000, 0x0000000089b00000, 0x0000000089c00000|  0%| F|  |TAMS 0x0000000089b00000, 0x0000000089b00000| Untracked 
|   4|0x0000000089c00000, 0x0000000089c00000, 0x0000000089d00000|  0%| F|  |TAMS 0x0000000089c00000, 0x0000000089c00000| Untracked 
|   5|0x0000000089d00000, 0x0000000089d00000, 0x0000000089e00000|  0%| F|  |TAMS 0x0000000089d00000, 0x0000000089d00000| Untracked 
|   6|0x0000000089e00000, 0x0000000089e00000, 0x0000000089f00000|  0%| F|  |TAMS 0x0000000089e00000, 0x0000000089e00000| Untracked 
|   7|0x0000000089f00000, 0x0000000089f00000, 0x000000008a000000|  0%| F|  |TAMS 0x0000000089f00000, 0x0000000089f00000| Untracked 
|   8|0x000000008a000000, 0x000000008a000000, 0x000000008a100000|  0%| F|  |TAMS 0x000000008a000000, 0x000000008a000000| Untracked 
|   9|0x000000008a100000, 0x000000008a100000, 0x000000008a200000|  0%| F|  |TAMS 0x000000008a100000, 0x000000008a100000| Untracked 
|  10|0x000000008a200000, 0x000000008a200000, 0x000000008a300000|  0%| F|  |TAMS 0x000000008a200000, 0x000000008a200000| Untracked 
|  11|0x000000008a300000, 0x000000008a300000, 0x000000008a400000|  0%| F|  |TAMS 0x000000008a300000, 0x000000008a300000| Untracked 
|  12|0x000000008a400000, 0x000000008a400000, 0x000000008a500000|  0%| F|  |TAMS 0x000000008a400000, 0x000000008a400000| Untracked 
|  13|0x000000008a500000, 0x000000008a500000, 0x000000008a600000|  0%| F|  |TAMS 0x000000008a500000, 0x000000008a500000| Untracked 
|  14|0x000000008a600000, 0x000000008a600000, 0x000000008a700000|  0%| F|  |TAMS 0x000000008a600000, 0x000000008a600000| Untracked 
|  15|0x000000008a700000, 0x000000008a700000, 0x000000008a800000|  0%| F|  |TAMS 0x000000008a700000, 0x000000008a700000| Untracked 
|  16|0x000000008a800000, 0x000000008a800000, 0x000000008a900000|  0%| F|  |TAMS 0x000000008a800000, 0x000000008a800000| Untracked 
|  17|0x000000008a900000, 0x000000008a900000, 0x000000008aa00000|  0%| F|  |TAMS 0x000000008a900000, 0x000000008a900000| Untracked 
|  18|0x000000008aa00000, 0x000000008aa00000, 0x000000008ab00000|  0%| F|  |TAMS 0x000000008aa00000, 0x000000008aa00000| Untracked 
|  19|0x000000008ab00000, 0x000000008ab00000, 0x000000008ac00000|  0%| F|  |TAMS 0x000000008ab00000, 0x000000008ab00000| Untracked 
|  20|0x000000008ac00000, 0x000000008ac00000, 0x000000008ad00000|  0%| F|  |TAMS 0x000000008ac00000, 0x000000008ac00000| Untracked 
|  21|0x000000008ad00000, 0x000000008ad00000, 0x000000008ae00000|  0%| F|  |TAMS 0x000000008ad00000, 0x000000008ad00000| Untracked 
|  22|0x000000008ae00000, 0x000000008ae00000, 0x000000008af00000|  0%| F|  |TAMS 0x000000008ae00000, 0x000000008ae00000| Untracked 
|  23|0x000000008af00000, 0x000000008af00000, 0x000000008b000000|  0%| F|  |TAMS 0x000000008af00000, 0x000000008af00000| Untracked 
|  24|0x000000008b000000, 0x000000008b000000, 0x000000008b100000|  0%| F|  |TAMS 0x000000008b000000, 0x000000008b000000| Untracked 
|  25|0x000000008b100000, 0x000000008b100000, 0x000000008b200000|  0%| F|  |TAMS 0x000000008b100000, 0x000000008b100000| Untracked 
|  26|0x000000008b200000, 0x000000008b200000, 0x000000008b300000|  0%| F|  |TAMS 0x000000008b200000, 0x000000008b200000| Untracked 
|  27|0x000000008b300000, 0x000000008b300000, 0x000000008b400000|  0%| F|  |TAMS 0x000000008b300000, 0x000000008b300000| Untracked 
|  28|0x000000008b400000, 0x000000008b400000, 0x000000008b500000|  0%| F|  |TAMS 0x000000008b400000, 0x000000008b400000| Untracked 
|  29|0x000000008b500000, 0x000000008b500000, 0x000000008b600000|  0%| F|  |TAMS 0x000000008b500000, 0x000000008b500000| Untracked 
|  30|0x000000008b600000, 0x000000008b600000, 0x000000008b700000|  0%| F|  |TAMS 0x000000008b600000, 0x000000008b600000| Untracked 
|  31|0x000000008b700000, 0x000000008b700000, 0x000000008b800000|  0%| F|  |TAMS 0x000000008b700000, 0x000000008b700000| Untracked 
|  32|0x000000008b800000, 0x000000008b800000, 0x000000008b900000|  0%| F|  |TAMS 0x000000008b800000, 0x000000008b800000| Untracked 
|  33|0x000000008b900000, 0x000000008b900000, 0x000000008ba00000|  0%| F|  |TAMS 0x000000008b900000, 0x000000008b900000| Untracked 
|  34|0x000000008ba00000, 0x000000008ba00000, 0x000000008bb00000|  0%| F|  |TAMS 0x000000008ba00000, 0x000000008ba00000| Untracked 
|  35|0x000000008bb00000, 0x000000008bb00000, 0x000000008bc00000|  0%| F|  |TAMS 0x000000008bb00000, 0x000000008bb00000| Untracked 
|  36|0x000000008bc00000, 0x000000008bc00000, 0x000000008bd00000|  0%| F|  |TAMS 0x000000008bc00000, 0x000000008bc00000| Untracked 
|  37|0x000000008bd00000, 0x000000008bd00000, 0x000000008be00000|  0%| F|  |TAMS 0x000000008bd00000, 0x000000008bd00000| Untracked 
|  38|0x000000008be00000, 0x000000008be00000, 0x000000008bf00000|  0%| F|  |TAMS 0x000000008be00000, 0x000000008be00000| Untracked 
|  39|0x000000008bf00000, 0x000000008bf00000, 0x000000008c000000|  0%| F|  |TAMS 0x000000008bf00000, 0x000000008bf00000| Untracked 
|  40|0x000000008c000000, 0x000000008c000000, 0x000000008c100000|  0%| F|  |TAMS 0x000000008c000000, 0x000000008c000000| Untracked 
|  41|0x000000008c100000, 0x000000008c100000, 0x000000008c200000|  0%| F|  |TAMS 0x000000008c100000, 0x000000008c100000| Untracked 
|  42|0x000000008c200000, 0x000000008c200000, 0x000000008c300000|  0%| F|  |TAMS 0x000000008c200000, 0x000000008c200000| Untracked 
|  43|0x000000008c300000, 0x000000008c300000, 0x000000008c400000|  0%| F|  |TAMS 0x000000008c300000, 0x000000008c300000| Untracked 
|  44|0x000000008c400000, 0x000000008c400000, 0x000000008c500000|  0%| F|  |TAMS 0x000000008c400000, 0x000000008c400000| Untracked 
|  45|0x000000008c500000, 0x000000008c500000, 0x000000008c600000|  0%| F|  |TAMS 0x000000008c500000, 0x000000008c500000| Untracked 
|  46|0x000000008c600000, 0x000000008c600000, 0x000000008c700000|  0%| F|  |TAMS 0x000000008c600000, 0x000000008c600000| Untracked 
|  47|0x000000008c700000, 0x000000008c700000, 0x000000008c800000|  0%| F|  |TAMS 0x000000008c700000, 0x000000008c700000| Untracked 
|  48|0x000000008c800000, 0x000000008c800000, 0x000000008c900000|  0%| F|  |TAMS 0x000000008c800000, 0x000000008c800000| Untracked 
|  49|0x000000008c900000, 0x000000008c900000, 0x000000008ca00000|  0%| F|  |TAMS 0x000000008c900000, 0x000000008c900000| Untracked 
|  50|0x000000008ca00000, 0x000000008ca00000, 0x000000008cb00000|  0%| F|  |TAMS 0x000000008ca00000, 0x000000008ca00000| Untracked 
|  51|0x000000008cb00000, 0x000000008cb00000, 0x000000008cc00000|  0%| F|  |TAMS 0x000000008cb00000, 0x000000008cb00000| Untracked 
|  52|0x000000008cc00000, 0x000000008cc00000, 0x000000008cd00000|  0%| F|  |TAMS 0x000000008cc00000, 0x000000008cc00000| Untracked 
|  53|0x000000008cd00000, 0x000000008cd00000, 0x000000008ce00000|  0%| F|  |TAMS 0x000000008cd00000, 0x000000008cd00000| Untracked 
|  54|0x000000008ce00000, 0x000000008ce00000, 0x000000008cf00000|  0%| F|  |TAMS 0x000000008ce00000, 0x000000008ce00000| Untracked 
|  55|0x000000008cf00000, 0x000000008cf00000, 0x000000008d000000|  0%| F|  |TAMS 0x000000008cf00000, 0x000000008cf00000| Untracked 
|  56|0x000000008d000000, 0x000000008d000000, 0x000000008d100000|  0%| F|  |TAMS 0x000000008d000000, 0x000000008d000000| Untracked 
|  57|0x000000008d100000, 0x000000008d100000, 0x000000008d200000|  0%| F|  |TAMS 0x000000008d100000, 0x000000008d100000| Untracked 
|  58|0x000000008d200000, 0x000000008d200000, 0x000000008d300000|  0%| F|  |TAMS 0x000000008d200000, 0x000000008d200000| Untracked 
|  59|0x000000008d300000, 0x000000008d300000, 0x000000008d400000|  0%| F|  |TAMS 0x000000008d300000, 0x000000008d300000| Untracked 
|  60|0x000000008d400000, 0x000000008d400000, 0x000000008d500000|  0%| F|  |TAMS 0x000000008d400000, 0x000000008d400000| Untracked 
|  61|0x000000008d500000, 0x000000008d500000, 0x000000008d600000|  0%| F|  |TAMS 0x000000008d500000, 0x000000008d500000| Untracked 
|  62|0x000000008d600000, 0x000000008d600000, 0x000000008d700000|  0%| F|  |TAMS 0x000000008d600000, 0x000000008d600000| Untracked 
|  63|0x000000008d700000, 0x000000008d700000, 0x000000008d800000|  0%| F|  |TAMS 0x000000008d700000, 0x000000008d700000| Untracked 
|  64|0x000000008d800000, 0x000000008d800000, 0x000000008d900000|  0%| F|  |TAMS 0x000000008d800000, 0x000000008d800000| Untracked 
|  65|0x000000008d900000, 0x000000008d900000, 0x000000008da00000|  0%| F|  |TAMS 0x000000008d900000, 0x000000008d900000| Untracked 
|  66|0x000000008da00000, 0x000000008da00000, 0x000000008db00000|  0%| F|  |TAMS 0x000000008da00000, 0x000000008da00000| Untracked 
|  67|0x000000008db00000, 0x000000008db00000, 0x000000008dc00000|  0%| F|  |TAMS 0x000000008db00000, 0x000000008db00000| Untracked 
|  68|0x000000008dc00000, 0x000000008dc00000, 0x000000008dd00000|  0%| F|  |TAMS 0x000000008dc00000, 0x000000008dc00000| Untracked 
|  69|0x000000008dd00000, 0x000000008dd00000, 0x000000008de00000|  0%| F|  |TAMS 0x000000008dd00000, 0x000000008dd00000| Untracked 
|  70|0x000000008de00000, 0x000000008de00000, 0x000000008df00000|  0%| F|  |TAMS 0x000000008de00000, 0x000000008de00000| Untracked 
|  71|0x000000008df00000, 0x000000008df00000, 0x000000008e000000|  0%| F|  |TAMS 0x000000008df00000, 0x000000008df00000| Untracked 
|  72|0x000000008e000000, 0x000000008e000000, 0x000000008e100000|  0%| F|  |TAMS 0x000000008e000000, 0x000000008e000000| Untracked 
|  73|0x000000008e100000, 0x000000008e100000, 0x000000008e200000|  0%| F|  |TAMS 0x000000008e100000, 0x000000008e100000| Untracked 
|  74|0x000000008e200000, 0x000000008e200000, 0x000000008e300000|  0%| F|  |TAMS 0x000000008e200000, 0x000000008e200000| Untracked 
|  75|0x000000008e300000, 0x000000008e300000, 0x000000008e400000|  0%| F|  |TAMS 0x000000008e300000, 0x000000008e300000| Untracked 
|  76|0x000000008e400000, 0x000000008e400000, 0x000000008e500000|  0%| F|  |TAMS 0x000000008e400000, 0x000000008e400000| Untracked 
|  77|0x000000008e500000, 0x000000008e500000, 0x000000008e600000|  0%| F|  |TAMS 0x000000008e500000, 0x000000008e500000| Untracked 
|  78|0x000000008e600000, 0x000000008e600000, 0x000000008e700000|  0%| F|  |TAMS 0x000000008e600000, 0x000000008e600000| Untracked 
|  79|0x000000008e700000, 0x000000008e700000, 0x000000008e800000|  0%| F|  |TAMS 0x000000008e700000, 0x000000008e700000| Untracked 
|  80|0x000000008e800000, 0x000000008e800000, 0x000000008e900000|  0%| F|  |TAMS 0x000000008e800000, 0x000000008e800000| Untracked 
|  81|0x000000008e900000, 0x000000008e900000, 0x000000008ea00000|  0%| F|  |TAMS 0x000000008e900000, 0x000000008e900000| Untracked 
|  82|0x000000008ea00000, 0x000000008ea00000, 0x000000008eb00000|  0%| F|  |TAMS 0x000000008ea00000, 0x000000008ea00000| Untracked 
|  83|0x000000008eb00000, 0x000000008eb00000, 0x000000008ec00000|  0%| F|  |TAMS 0x000000008eb00000, 0x000000008eb00000| Untracked 
|  84|0x000000008ec00000, 0x000000008ec00000, 0x000000008ed00000|  0%| F|  |TAMS 0x000000008ec00000, 0x000000008ec00000| Untracked 
|  85|0x000000008ed00000, 0x000000008ed00000, 0x000000008ee00000|  0%| F|  |TAMS 0x000000008ed00000, 0x000000008ed00000| Untracked 
|  86|0x000000008ee00000, 0x000000008ee00000, 0x000000008ef00000|  0%| F|  |TAMS 0x000000008ee00000, 0x000000008ee00000| Untracked 
|  87|0x000000008ef00000, 0x000000008ef00000, 0x000000008f000000|  0%| F|  |TAMS 0x000000008ef00000, 0x000000008ef00000| Untracked 
|  88|0x000000008f000000, 0x000000008f000000, 0x000000008f100000|  0%| F|  |TAMS 0x000000008f000000, 0x000000008f000000| Untracked 
|  89|0x000000008f100000, 0x000000008f100000, 0x000000008f200000|  0%| F|  |TAMS 0x000000008f100000, 0x000000008f100000| Untracked 
|  90|0x000000008f200000, 0x000000008f200000, 0x000000008f300000|  0%| F|  |TAMS 0x000000008f200000, 0x000000008f200000| Untracked 
|  91|0x000000008f300000, 0x000000008f300000, 0x000000008f400000|  0%| F|  |TAMS 0x000000008f300000, 0x000000008f300000| Untracked 
|  92|0x000000008f400000, 0x000000008f400000, 0x000000008f500000|  0%| F|  |TAMS 0x000000008f400000, 0x000000008f400000| Untracked 
|  93|0x000000008f500000, 0x000000008f500000, 0x000000008f600000|  0%| F|  |TAMS 0x000000008f500000, 0x000000008f500000| Untracked 
|  94|0x000000008f600000, 0x000000008f600000, 0x000000008f700000|  0%| F|  |TAMS 0x000000008f600000, 0x000000008f600000| Untracked 
|  95|0x000000008f700000, 0x000000008f700000, 0x000000008f800000|  0%| F|  |TAMS 0x000000008f700000, 0x000000008f700000| Untracked 
|  96|0x000000008f800000, 0x000000008f800000, 0x000000008f900000|  0%| F|  |TAMS 0x000000008f800000, 0x000000008f800000| Untracked 
|  97|0x000000008f900000, 0x000000008f900000, 0x000000008fa00000|  0%| F|  |TAMS 0x000000008f900000, 0x000000008f900000| Untracked 
|  98|0x000000008fa00000, 0x000000008fa00000, 0x000000008fb00000|  0%| F|  |TAMS 0x000000008fa00000, 0x000000008fa00000| Untracked 
|  99|0x000000008fb00000, 0x000000008fb00000, 0x000000008fc00000|  0%| F|  |TAMS 0x000000008fb00000, 0x000000008fb00000| Untracked 
| 100|0x000000008fc00000, 0x000000008fc00000, 0x000000008fd00000|  0%| F|  |TAMS 0x000000008fc00000, 0x000000008fc00000| Untracked 
| 101|0x000000008fd00000, 0x000000008fd00000, 0x000000008fe00000|  0%| F|  |TAMS 0x000000008fd00000, 0x000000008fd00000| Untracked 
| 102|0x000000008fe00000, 0x000000008fe00000, 0x000000008ff00000|  0%| F|  |TAMS 0x000000008fe00000, 0x000000008fe00000| Untracked 
| 103|0x000000008ff00000, 0x000000008ff00000, 0x0000000090000000|  0%| F|  |TAMS 0x000000008ff00000, 0x000000008ff00000| Untracked 
| 104|0x0000000090000000, 0x0000000090000000, 0x0000000090100000|  0%| F|  |TAMS 0x0000000090000000, 0x0000000090000000| Untracked 
| 105|0x0000000090100000, 0x0000000090100000, 0x0000000090200000|  0%| F|  |TAMS 0x0000000090100000, 0x0000000090100000| Untracked 
| 106|0x0000000090200000, 0x0000000090200000, 0x0000000090300000|  0%| F|  |TAMS 0x0000000090200000, 0x0000000090200000| Untracked 
| 107|0x0000000090300000, 0x000000009037ed18, 0x0000000090400000| 49%| E|  |TAMS 0x0000000090300000, 0x0000000090300000| Complete 
| 108|0x0000000090400000, 0x0000000090500000, 0x0000000090500000|100%| E|CS|TAMS 0x0000000090400000, 0x0000000090400000| Complete 
| 109|0x0000000090500000, 0x0000000090600000, 0x0000000090600000|100%| E|CS|TAMS 0x0000000090500000, 0x0000000090500000| Complete 
| 110|0x0000000090600000, 0x0000000090700000, 0x0000000090700000|100%| E|CS|TAMS 0x0000000090600000, 0x0000000090600000| Complete 
| 111|0x0000000090700000, 0x0000000090800000, 0x0000000090800000|100%| E|CS|TAMS 0x0000000090700000, 0x0000000090700000| Complete 
| 112|0x0000000090800000, 0x0000000090900000, 0x0000000090900000|100%| E|CS|TAMS 0x0000000090800000, 0x0000000090800000| Complete 
| 113|0x0000000090900000, 0x0000000090a00000, 0x0000000090a00000|100%| E|CS|TAMS 0x0000000090900000, 0x0000000090900000| Complete 
| 114|0x0000000090a00000, 0x0000000090b00000, 0x0000000090b00000|100%| E|CS|TAMS 0x0000000090a00000, 0x0000000090a00000| Complete 
| 115|0x0000000090b00000, 0x0000000090c00000, 0x0000000090c00000|100%| E|CS|TAMS 0x0000000090b00000, 0x0000000090b00000| Complete 
| 116|0x0000000090c00000, 0x0000000090d00000, 0x0000000090d00000|100%| E|CS|TAMS 0x0000000090c00000, 0x0000000090c00000| Complete 
| 117|0x0000000090d00000, 0x0000000090e00000, 0x0000000090e00000|100%| E|CS|TAMS 0x0000000090d00000, 0x0000000090d00000| Complete 
| 118|0x0000000090e00000, 0x0000000090f00000, 0x0000000090f00000|100%| E|CS|TAMS 0x0000000090e00000, 0x0000000090e00000| Complete 
| 119|0x0000000090f00000, 0x0000000091000000, 0x0000000091000000|100%| E|CS|TAMS 0x0000000090f00000, 0x0000000090f00000| Complete 

Card table byte_map: [0x0000016f7cae0000,0x0000016f7cea0000] _byte_map_base: 0x0000016f7c694000

Marking Bits (Prev, Next): (CMBitMap*) 0x0000016f69ab6450, (CMBitMap*) 0x0000016f69ab6490
 Prev Bits: [0x0000016f7d260000, 0x0000016f7f000000)
 Next Bits: [0x0000016f00000000, 0x0000016f01da0000)

Polling page: 0x0000016f67970000

Metaspace:

Usage:
  Non-class:     13.38 MB used.
      Class:      1.56 MB used.
       Both:     14.93 MB used.

Virtual space:
  Non-class space:       64.00 MB reserved,      13.50 MB ( 21%) committed,  1 nodes.
      Class space:        1.00 GB reserved,       1.69 MB ( <1%) committed,  1 nodes.
             Both:        1.06 GB reserved,      15.19 MB (  1%) committed. 

Chunk freelists:
   Non-Class:  2.48 MB
       Class:  14.23 MB
        Both:  16.72 MB

MaxMetaspaceSize: unlimited
CompressedClassSpaceSize: 1.00 GB
Initial GC threshold: 21.00 MB
Current GC threshold: 21.00 MB
CDS: off
MetaspaceReclaimPolicy: balanced
 - commit_granule_bytes: 65536.
 - commit_granule_words: 8192.
 - virtual_space_node_default_size: 8388608.
 - enlarge_chunks_in_place: 1.
 - new_chunks_are_fully_committed: 0.
 - uncommit_free_chunks: 1.
 - use_allocation_guard: 0.
 - handle_deallocations: 1.


Internal statistics:

num_allocs_failed_limit: 0.
num_arena_births: 120.
num_arena_deaths: 0.
num_vsnodes_births: 2.
num_vsnodes_deaths: 0.
num_space_committed: 243.
num_space_uncommitted: 0.
num_chunks_returned_to_freelist: 0.
num_chunks_taken_from_freelist: 248.
num_chunk_merges: 0.
num_chunk_splits: 144.
num_chunks_enlarged: 92.
num_inconsistent_stats: 0.

CodeHeap 'non-profiled nmethods': size=120000Kb used=277Kb max_used=277Kb free=119722Kb
 bounds [0x0000016f74c90000, 0x0000016f74f00000, 0x0000016f7c1c0000]
CodeHeap 'profiled nmethods': size=120000Kb used=1555Kb max_used=1555Kb free=118444Kb
 bounds [0x0000016f6d1c0000, 0x0000016f6d430000, 0x0000016f746f0000]
CodeHeap 'non-nmethods': size=5760Kb used=1184Kb max_used=1198Kb free=4575Kb
 bounds [0x0000016f746f0000, 0x0000016f74960000, 0x0000016f74c90000]
 total_blobs=1432 nmethods=954 adapters=391
 compilation: enabled
              stopped_count=0, restarted_count=0
 full_count=0

Compilation events (20 events):
Event: 1.924 Thread 0x0000016f08067520  944       3       sun.security.util.math.intpoly.IntegerPolynomial::conditionalAssign (46 bytes)
Event: 1.924 Thread 0x0000016f08067520 nmethod 944 0x0000016f6d338490 code [0x0000016f6d338640, 0x0000016f6d338838]
Event: 1.925 Thread 0x0000016f08067520  942       3       sun.security.util.math.intpoly.IntegerPolynomialP256::reduce (40 bytes)
Event: 1.925 Thread 0x0000016f08067520 nmethod 942 0x0000016f6d338990 code [0x0000016f6d338b40, 0x0000016f6d338e48]
Event: 1.925 Thread 0x0000016f08067520  945       3       sun.security.util.math.intpoly.IntegerPolynomialP256::carryReduce (454 bytes)
Event: 1.925 Thread 0x0000016f08067520 nmethod 945 0x0000016f6d339010 code [0x0000016f6d3391c0, 0x0000016f6d3396b8]
Event: 1.925 Thread 0x0000016f08067520  943       3       sun.security.util.math.intpoly.IntegerPolynomial$MutableElement::conditionalSet (26 bytes)
Event: 1.925 Thread 0x0000016f08067520 nmethod 943 0x0000016f6d339910 code [0x0000016f6d339ac0, 0x0000016f6d339d08]
Event: 1.925 Thread 0x0000016f08067520  946       3       sun.security.util.math.intpoly.IntegerPolynomial$MutableElement::setReduced (5 bytes)
Event: 1.926 Thread 0x0000016f08067520 nmethod 946 0x0000016f6d339e10 code [0x0000016f6d339fc0, 0x0000016f6d33a228]
Event: 1.926 Thread 0x0000016f08067520  947       3       sun.security.ec.point.ProjectivePoint$Mutable::conditionalSet (29 bytes)
Event: 1.926 Thread 0x0000016f08063570  949       4       sun.security.util.math.intpoly.IntegerPolynomialP256::carryReduce0 (451 bytes)
Event: 1.926 Thread 0x0000016f08067520 nmethod 947 0x0000016f6d33a310 code [0x0000016f6d33a4e0, 0x0000016f6d33a8d8]
Event: 1.926 Thread 0x0000016f08067520  948       3       sun.security.ec.point.ProjectivePoint$Mutable::conditionalSet (53 bytes)
Event: 1.927 Thread 0x0000016f08067520 nmethod 948 0x0000016f6d33aa10 code [0x0000016f6d33ac40, 0x0000016f6d33b648]
Event: 1.927 Thread 0x0000016f08067520  950       3       sun.security.util.math.intpoly.IntegerPolynomialP256::square (613 bytes)
Event: 1.928 Thread 0x0000016f08067520 nmethod 950 0x0000016f6d33ba10 code [0x0000016f6d33bbc0, 0x0000016f6d33c448]
Event: 1.930 Thread 0x0000016f08063570 nmethod 949 0x0000016f74cd4f90 code [0x0000016f74cd5100, 0x0000016f74cd53f8]
Event: 1.930 Thread 0x0000016f08063570  951       4       sun.security.util.math.intpoly.IntegerPolynomial$MutableElement::setSum (84 bytes)
Event: 1.930 Thread 0x0000016f08067520  955       3       sun.security.ec.ECOperations::setDouble (559 bytes)

GC Heap History (0 events):
No events

Dll operation events (1 events):
Event: 0.045 Loaded shared library C:\Program Files\JetBrains\IntelliJ IDEA 2023.2.2\jbr\bin\java.dll

Deoptimization events (16 events):
Event: 1.386 Thread 0x0000016f6785ea70 Uncommon trap: trap_request=0xffffff45 fr.pc=0x0000016f74caa0b8 relative=0x00000000000001b8
Event: 1.386 Thread 0x0000016f6785ea70 Uncommon trap: reason=unstable_if action=reinterpret pc=0x0000016f74caa0b8 method=java.util.HashMap.putVal(ILjava/lang/Object;Ljava/lang/Object;ZZ)Ljava/lang/Object; @ 162 c2
Event: 1.386 Thread 0x0000016f6785ea70 DEOPT PACKING pc=0x0000016f74caa0b8 sp=0x00000019fcffb680
Event: 1.386 Thread 0x0000016f6785ea70 DEOPT UNPACKING pc=0x0000016f747469a3 sp=0x00000019fcffb620 mode 2
Event: 1.440 Thread 0x0000016f6785ea70 DEOPT PACKING pc=0x0000016f6d1d64e7 sp=0x00000019fcffb5f0
Event: 1.440 Thread 0x0000016f6785ea70 DEOPT UNPACKING pc=0x0000016f74747143 sp=0x00000019fcffaa10 mode 0
Event: 1.537 Thread 0x0000016f6785ea70 Uncommon trap: trap_request=0xffffff45 fr.pc=0x0000016f74ca5f70 relative=0x00000000000003d0
Event: 1.537 Thread 0x0000016f6785ea70 Uncommon trap: reason=unstable_if action=reinterpret pc=0x0000016f74ca5f70 method=java.lang.StringLatin1.newString([BII)Ljava/lang/String; @ 1 c2
Event: 1.537 Thread 0x0000016f6785ea70 DEOPT PACKING pc=0x0000016f74ca5f70 sp=0x00000019fcffe280
Event: 1.537 Thread 0x0000016f6785ea70 DEOPT UNPACKING pc=0x0000016f747469a3 sp=0x00000019fcffe248 mode 2
Event: 1.589 Thread 0x0000016f6785ea70 DEOPT PACKING pc=0x0000016f6d1d5851 sp=0x00000019fcffa980
Event: 1.589 Thread 0x0000016f6785ea70 DEOPT UNPACKING pc=0x0000016f74747143 sp=0x00000019fcff9df8 mode 0
Event: 1.816 Thread 0x0000016f087a54e0 Uncommon trap: trap_request=0xffffffde fr.pc=0x0000016f74cd0c7c relative=0x0000000000000e5c
Event: 1.816 Thread 0x0000016f087a54e0 Uncommon trap: reason=class_check action=maybe_recompile pc=0x0000016f74cd0c7c method=java.util.concurrent.ConcurrentHashMap.putVal(Ljava/lang/Object;Ljava/lang/Object;Z)Ljava/lang/Object; @ 159 c2
Event: 1.816 Thread 0x0000016f087a54e0 DEOPT PACKING pc=0x0000016f74cd0c7c sp=0x00000019fe4fd9c0
Event: 1.817 Thread 0x0000016f087a54e0 DEOPT UNPACKING pc=0x0000016f747469a3 sp=0x00000019fe4fd940 mode 2

Classes unloaded (0 events):
No events

Classes redefined (0 events):
No events

Internal exceptions (20 events):
Event: 0.869 Thread 0x0000016f6785ea70 Exception <a 'java/lang/NoSuchMethodError'{0x0000000090dec178}: 'void java.lang.invoke.DirectMethodHandle$Holder.invokeStaticInit(java.lang.Object, java.lang.Object)'> (0x0000000090dec178) 
thrown [s\src\hotspot\share\interpreter\linkResolver.cpp, line 771]
Event: 0.874 Thread 0x0000016f6785ea70 Exception <a 'java/lang/NoSuchMethodError'{0x0000000090df2cd8}: 'int java.lang.invoke.DirectMethodHandle$Holder.invokeStaticInit(java.lang.Object, java.lang.Object)'> (0x0000000090df2cd8) 
thrown [s\src\hotspot\share\interpreter\linkResolver.cpp, line 771]
Event: 0.961 Thread 0x0000016f6785ea70 Exception <a 'java/lang/NoSuchMethodError'{0x0000000090cda450}: 'java.lang.Object java.lang.invoke.DirectMethodHandle$Holder.invokeStaticInit(java.lang.Object, int, int, int, int)'> (0x0000000090cda450) 
thrown [s\src\hotspot\share\interpreter\linkResolver.cpp, line 771]
Event: 1.160 Thread 0x0000016f6785ea70 Exception <a 'java/lang/NoSuchMethodError'{0x0000000090b4fe30}: 'java.lang.Object java.lang.invoke.DirectMethodHandle$Holder.invokeStaticInit(java.lang.Object, java.lang.Object, int, int, int, int)'> (0x0000000090b4fe30) 
thrown [s\src\hotspot\share\interpreter\linkResolver.cpp, line 771]
Event: 1.211 Thread 0x0000016f6785ea70 Exception <a 'java/lang/NoSuchMethodError'{0x0000000090bb9ec8}: 'java.lang.Object java.lang.invoke.DirectMethodHandle$Holder.invokeStatic(java.lang.Object, java.lang.Object, int)'> (0x0000000090bb9ec8) 
thrown [s\src\hotspot\share\interpreter\linkResolver.cpp, line 771]
Event: 1.211 Thread 0x0000016f6785ea70 Exception <a 'java/lang/NoSuchMethodError'{0x0000000090bbd640}: 'java.lang.Object java.lang.invoke.DirectMethodHandle$Holder.invokeStaticInit(java.lang.Object, java.lang.Object, int)'> (0x0000000090bbd640) 
thrown [s\src\hotspot\share\interpreter\linkResolver.cpp, line 771]
Event: 1.212 Thread 0x0000016f6785ea70 Exception <a 'java/lang/NoSuchMethodError'{0x0000000090bc39f0}: 'java.lang.Object java.lang.invoke.DirectMethodHandle$Holder.newInvokeSpecial(java.lang.Object, java.lang.Object, int)'> (0x0000000090bc39f0) 
thrown [s\src\hotspot\share\interpreter\linkResolver.cpp, line 771]
Event: 1.223 Thread 0x0000016f6785ea70 Exception <a 'java/lang/NoSuchMethodError'{0x0000000090bd3218}: 'int java.lang.invoke.DirectMethodHandle$Holder.invokeStaticInit(java.lang.Object, java.lang.Object, java.lang.Object)'> (0x0000000090bd3218) 
thrown [s\src\hotspot\share\interpreter\linkResolver.cpp, line 771]
Event: 1.231 Thread 0x0000016f6785ea70 Exception <a 'java/lang/NoSuchMethodError'{0x0000000090be33f8}: 'int java.lang.invoke.DirectMethodHandle$Holder.invokeSpecial(java.lang.Object, java.lang.Object, java.lang.Object)'> (0x0000000090be33f8) 
thrown [s\src\hotspot\share\interpreter\linkResolver.cpp, line 771]
Event: 1.235 Thread 0x0000016f6785ea70 Exception <a 'java/lang/NoSuchMethodError'{0x0000000090beb7d8}: 'int java.lang.invoke.DirectMethodHandle$Holder.invokeSpecialIFC(java.lang.Object, java.lang.Object, java.lang.Object)'> (0x0000000090beb7d8) 
thrown [s\src\hotspot\share\interpreter\linkResolver.cpp, line 771]
Event: 1.321 Thread 0x0000016f6785ea70 Exception <a 'java/lang/NoSuchMethodError'{0x0000000090a78698}: 'java.lang.Object java.lang.invoke.DirectMethodHandle$Holder.invokeStaticInit(java.lang.Object)'> (0x0000000090a78698) 
thrown [s\src\hotspot\share\interpreter\linkResolver.cpp, line 771]
Event: 1.566 Thread 0x0000016f6785ea70 Exception <a 'java/lang/NoSuchMethodError'{0x00000000908273e8}: 'java.lang.Object java.lang.invoke.DirectMethodHandle$Holder.newInvokeSpecial(java.lang.Object, java.lang.Object, java.lang.Object, java.lang.Object, java.lang.Object)'> (0x00000000908273e8) 
thrown [s\src\hotspot\share\interpreter\linkResolver.cpp, line 771]
Event: 1.670 Thread 0x0000016f6785ea70 Exception <a 'java/lang/NoSuchMethodError'{0x00000000907b3330}: 'java.lang.Object java.lang.invoke.DirectMethodHandle$Holder.invokeSpecial(java.lang.Object, java.lang.Object, java.lang.Object, java.lang.Object, int)'> (0x00000000907b3330) 
thrown [s\src\hotspot\share\interpreter\linkResolver.cpp, line 771]
Event: 1.670 Thread 0x0000016f6785ea70 Exception <a 'java/lang/NoSuchMethodError'{0x00000000907b6ef8}: 'java.lang.Object java.lang.invoke.Invokers$Holder.linkToTargetMethod(java.lang.Object, java.lang.Object, int, java.lang.Object)'> (0x00000000907b6ef8) 
thrown [s\src\hotspot\share\interpreter\linkResolver.cpp, line 771]
Event: 1.694 Thread 0x0000016f6785ea70 Exception <a 'java/lang/NoSuchMethodError'{0x0000000090617778}: 'void java.lang.invoke.DirectMethodHandle$Holder.invokeSpecial(java.lang.Object, java.lang.Object, java.lang.Object)'> (0x0000000090617778) 
thrown [s\src\hotspot\share\interpreter\linkResolver.cpp, line 771]
Event: 1.738 Thread 0x0000016f085a8440 Exception <a 'java/lang/NoSuchMethodError'{0x00000000906fba40}: 'void java.lang.invoke.DirectMethodHandle$Holder.invokeStatic(java.lang.Object, java.lang.Object, int)'> (0x00000000906fba40) 
thrown [s\src\hotspot\share\interpreter\linkResolver.cpp, line 771]
Event: 1.742 Thread 0x0000016f6785ea70 Exception <a 'java/lang/NoSuchMethodError'{0x000000009069dc28}: 'void java.lang.invoke.DirectMethodHandle$Holder.invokeSpecial(java.lang.Object, java.lang.Object, java.lang.Object, java.lang.Object, java.lang.Object)'> (0x000000009069dc28) 
thrown [s\src\hotspot\share\interpreter\linkResolver.cpp, line 771]
Event: 1.761 Thread 0x0000016f087a54e0 Exception <a 'java/lang/NoSuchMethodError'{0x000000009059a288}: 'void java.lang.invoke.DirectMethodHandle$Holder.invokeInterface(java.lang.Object, java.lang.Object, java.lang.Object)'> (0x000000009059a288) 
thrown [s\src\hotspot\share\interpreter\linkResolver.cpp, line 771]
Event: 1.772 Thread 0x0000016f087a54e0 Exception <a 'java/lang/NoSuchMethodError'{0x00000000905b0770}: 'int java.lang.invoke.DirectMethodHandle$Holder.invokeStaticInit(java.lang.Object, int, int)'> (0x00000000905b0770) 
thrown [s\src\hotspot\share\interpreter\linkResolver.cpp, line 771]
Event: 1.791 Thread 0x0000016f087a54e0 Exception <a 'java/lang/NoSuchMethodError'{0x00000000905f34d8}: 'void java.lang.invoke.DirectMethodHandle$Holder.invokeVirtual(java.lang.Object, java.lang.Object)'> (0x00000000905f34d8) 
thrown [s\src\hotspot\share\interpreter\linkResolver.cpp, line 771]

VM Operations (10 events):
Event: 0.538 Executing VM operation: HandshakeAllThreads
Event: 0.538 Executing VM operation: HandshakeAllThreads done
Event: 0.580 Executing VM operation: HandshakeAllThreads
Event: 0.580 Executing VM operation: HandshakeAllThreads done
Event: 0.990 Executing VM operation: HandshakeAllThreads
Event: 0.990 Executing VM operation: HandshakeAllThreads done
Event: 1.332 Executing VM operation: HandshakeAllThreads
Event: 1.332 Executing VM operation: HandshakeAllThreads done
Event: 1.332 Executing VM operation: Cleanup
Event: 1.332 Executing VM operation: Cleanup done

Events (20 events):
Event: 1.905 loading class sun/security/ssl/KeyShareExtension$KeyShareEntry
Event: 1.905 loading class sun/security/ssl/KeyShareExtension$KeyShareEntry done
Event: 1.906 loading class sun/security/ssl/ECDHKeyExchange$ECDHEPossession
Event: 1.906 loading class sun/security/ssl/ECDHKeyExchange$ECDHEPossession done
Event: 1.908 loading class sun/security/util/math/intpoly/IntegerPolynomialP256
Event: 1.909 loading class sun/security/util/math/intpoly/IntegerPolynomialP256 done
Event: 1.909 loading class sun/security/util/math/intpoly/IntegerPolynomialP384
Event: 1.909 loading class sun/security/util/math/intpoly/IntegerPolynomialP384 done
Event: 1.910 loading class sun/security/util/math/intpoly/IntegerPolynomialP521
Event: 1.910 loading class sun/security/util/math/intpoly/IntegerPolynomialP521 done
Event: 1.910 loading class sun/security/util/math/intpoly/P256OrderField
Event: 1.911 loading class sun/security/util/math/intpoly/P256OrderField done
Event: 1.911 loading class sun/security/util/math/intpoly/P384OrderField
Event: 1.911 loading class sun/security/util/math/intpoly/P384OrderField done
Event: 1.912 loading class sun/security/util/math/intpoly/P521OrderField
Event: 1.914 loading class sun/security/util/math/intpoly/P521OrderField done
Event: 1.932 loading class java/security/interfaces/ECPrivateKey
Event: 1.932 loading class java/security/interfaces/ECPrivateKey done
Event: 1.933 loading class sun/security/util/ArrayUtil
Event: 1.933 loading class sun/security/util/ArrayUtil done


Dynamic libraries:
0x00007ff781c40000 - 0x00007ff781c4a000 	C:\Program Files\JetBrains\IntelliJ IDEA 2023.2.2\jbr\bin\java.exe
0x00007ffff7050000 - 0x00007ffff7267000 	C:\WINDOWS\SYSTEM32\ntdll.dll
0x00007ffff5ad0000 - 0x00007ffff5b94000 	C:\WINDOWS\System32\KERNEL32.DLL
0x00007ffff4350000 - 0x00007ffff4709000 	C:\WINDOWS\System32\KERNELBASE.dll
0x00007ffff4710000 - 0x00007ffff4821000 	C:\WINDOWS\System32\ucrtbase.dll
0x00007fffb4180000 - 0x00007fffb4197000 	C:\Program Files\JetBrains\IntelliJ IDEA 2023.2.2\jbr\bin\jli.dll
0x00007ffff6280000 - 0x00007ffff642e000 	C:\WINDOWS\System32\USER32.dll
0x00007fffb3e50000 - 0x00007fffb3e6b000 	C:\Program Files\JetBrains\IntelliJ IDEA 2023.2.2\jbr\bin\VCRUNTIME140.dll
0x00007ffff4a90000 - 0x00007ffff4ab6000 	C:\WINDOWS\System32\win32u.dll
0x00007ffff6430000 - 0x00007ffff6459000 	C:\WINDOWS\System32\GDI32.dll
0x00007ffff4970000 - 0x00007ffff4a8b000 	C:\WINDOWS\System32\gdi32full.dll
0x00007ffff4ca0000 - 0x00007ffff4d3a000 	C:\WINDOWS\System32\msvcp_win.dll
0x00007fffdfae0000 - 0x00007fffdfd72000 	C:\WINDOWS\WinSxS\amd64_microsoft.windows.common-controls_6595b64144ccf1df_6.0.22621.4391_none_2715d37f73803e96\COMCTL32.dll
0x00007ffff60d0000 - 0x00007ffff6177000 	C:\WINDOWS\System32\msvcrt.dll
0x00007ffff5bd0000 - 0x00007ffff5c01000 	C:\WINDOWS\System32\IMM32.DLL
0x00007fffcdef0000 - 0x00007fffcdefc000 	C:\Program Files\JetBrains\IntelliJ IDEA 2023.2.2\jbr\bin\vcruntime140_1.dll
0x00007fffb1e10000 - 0x00007fffb1e9d000 	C:\Program Files\JetBrains\IntelliJ IDEA 2023.2.2\jbr\bin\msvcp140.dll
0x00007fffb0810000 - 0x00007fffb1493000 	C:\Program Files\JetBrains\IntelliJ IDEA 2023.2.2\jbr\bin\server\jvm.dll
0x00007ffff5cc0000 - 0x00007ffff5d72000 	C:\WINDOWS\System32\ADVAPI32.dll
0x00007ffff6f60000 - 0x00007ffff7007000 	C:\WINDOWS\System32\sechost.dll
0x00007ffff4d40000 - 0x00007ffff4d68000 	C:\WINDOWS\System32\bcrypt.dll
0x00007ffff5fb0000 - 0x00007ffff60c4000 	C:\WINDOWS\System32\RPCRT4.dll
0x00007fffe0210000 - 0x00007fffe0219000 	C:\WINDOWS\SYSTEM32\WSOCK32.dll
0x00007fffe94f0000 - 0x00007fffe94fa000 	C:\WINDOWS\SYSTEM32\VERSION.dll
0x00007fffee630000 - 0x00007fffee664000 	C:\WINDOWS\SYSTEM32\WINMM.dll
0x00007ffff5de0000 - 0x00007ffff5e51000 	C:\WINDOWS\System32\WS2_32.dll
0x00007ffff31a0000 - 0x00007ffff31ed000 	C:\WINDOWS\SYSTEM32\POWRPROF.dll
0x00007ffff3180000 - 0x00007ffff3193000 	C:\WINDOWS\SYSTEM32\UMPDC.dll
0x00007ffff3440000 - 0x00007ffff3458000 	C:\WINDOWS\SYSTEM32\kernel.appcore.dll
0x00007fffee7d0000 - 0x00007fffee7da000 	C:\Program Files\JetBrains\IntelliJ IDEA 2023.2.2\jbr\bin\jimage.dll
0x00007ffff1b30000 - 0x00007ffff1d62000 	C:\WINDOWS\SYSTEM32\DBGHELP.DLL
0x00007ffff4f50000 - 0x00007ffff52df000 	C:\WINDOWS\System32\combase.dll
0x00007ffff5360000 - 0x00007ffff5437000 	C:\WINDOWS\System32\OLEAUT32.dll
0x00007fffe7190000 - 0x00007fffe71c2000 	C:\WINDOWS\SYSTEM32\dbgcore.DLL
0x00007ffff4830000 - 0x00007ffff48ab000 	C:\WINDOWS\System32\bcryptPrimitives.dll
0x00007fffbc5e0000 - 0x00007fffbc605000 	C:\Program Files\JetBrains\IntelliJ IDEA 2023.2.2\jbr\bin\java.dll
0x00007fffee7b0000 - 0x00007fffee7c8000 	C:\Program Files\JetBrains\IntelliJ IDEA 2023.2.2\jbr\bin\zip.dll
0x00007ffff66c0000 - 0x00007ffff6f36000 	C:\WINDOWS\System32\SHELL32.dll
0x00007ffff2250000 - 0x00007ffff2b53000 	C:\WINDOWS\SYSTEM32\windows.storage.dll
0x00007ffff2110000 - 0x00007ffff224f000 	C:\WINDOWS\SYSTEM32\wintypes.dll
0x00007ffff5eb0000 - 0x00007ffff5fa9000 	C:\WINDOWS\System32\SHCORE.dll
0x00007ffff5d80000 - 0x00007ffff5dde000 	C:\WINDOWS\System32\shlwapi.dll
0x00007ffff4280000 - 0x00007ffff42ab000 	C:\WINDOWS\SYSTEM32\profapi.dll
0x00007fffd8c00000 - 0x00007fffd8c19000 	C:\Program Files\JetBrains\IntelliJ IDEA 2023.2.2\jbr\bin\net.dll
0x00007fffef380000 - 0x00007fffef4b6000 	C:\WINDOWS\SYSTEM32\WINHTTP.dll
0x00007ffff38b0000 - 0x00007ffff3919000 	C:\WINDOWS\system32\mswsock.dll
0x00007fffbcb30000 - 0x00007fffbcb46000 	C:\Program Files\JetBrains\IntelliJ IDEA 2023.2.2\jbr\bin\nio.dll
0x00007fffe37c0000 - 0x00007fffe37ce000 	C:\Program Files\JetBrains\IntelliJ IDEA 2023.2.2\jbr\bin\sunmscapi.dll
0x00007ffff4b30000 - 0x00007ffff4c96000 	C:\WINDOWS\System32\CRYPT32.dll
0x00007ffff3cf0000 - 0x00007ffff3d1d000 	C:\WINDOWS\SYSTEM32\ncrypt.dll
0x00007ffff3cb0000 - 0x00007ffff3ce7000 	C:\WINDOWS\SYSTEM32\NTASN1.dll
0x00007ffff3c00000 - 0x00007ffff3c1b000 	C:\WINDOWS\SYSTEM32\CRYPTSP.dll
0x00007ffff33a0000 - 0x00007ffff33d5000 	C:\WINDOWS\system32\rsaenh.dll
0x00007ffff3950000 - 0x00007ffff3978000 	C:\WINDOWS\SYSTEM32\USERENV.dll
0x00007ffff3be0000 - 0x00007ffff3bec000 	C:\WINDOWS\SYSTEM32\CRYPTBASE.dll
0x00007ffff2e30000 - 0x00007ffff2e5d000 	C:\WINDOWS\SYSTEM32\IPHLPAPI.DLL
0x00007ffff5bb0000 - 0x00007ffff5bb9000 	C:\WINDOWS\System32\NSI.dll
0x00007fffef920000 - 0x00007fffef939000 	C:\WINDOWS\SYSTEM32\dhcpcsvc6.DLL
0x00007fffef8a0000 - 0x00007fffef8bf000 	C:\WINDOWS\SYSTEM32\dhcpcsvc.DLL
0x00007ffff2ea0000 - 0x00007ffff2fa2000 	C:\WINDOWS\SYSTEM32\DNSAPI.dll
0x00007fffa7aa0000 - 0x00007fffa7aa8000 	C:\WINDOWS\system32\wshunix.dll

dbghelp: loaded successfully - version: 4.0.5 - missing functions: none
symbol engine: initialized successfully - sym options: 0x614 - pdb path: .;C:\Program Files\JetBrains\IntelliJ IDEA 2023.2.2\jbr\bin;C:\WINDOWS\SYSTEM32;C:\WINDOWS\WinSxS\amd64_microsoft.windows.common-controls_6595b64144ccf1df_6.0.22621.4391_none_2715d37f73803e96;C:\Program Files\JetBrains\IntelliJ IDEA 2023.2.2\jbr\bin\server

VM Arguments:
java_command: git4idea.http.GitAskPassApp Username for 'https://github.com': 
java_class_path (initial): C:/Program Files/JetBrains/IntelliJ IDEA 2023.2.2/plugins/vcs-git/lib/git4idea-rt.jar;C:/Program Files/JetBrains/IntelliJ IDEA 2023.2.2/lib/externalProcess-rt.jar
Launcher Type: SUN_STANDARD

[Global flags]
     intx CICompilerCount                          = 4                                         {product} {ergonomic}
     uint ConcGCThreads                            = 3                                         {product} {ergonomic}
     uint G1ConcRefinementThreads                  = 10                                        {product} {ergonomic}
   size_t G1HeapRegionSize                         = 1048576                                   {product} {ergonomic}
    uintx GCDrainStackTargetSize                   = 64                                        {product} {ergonomic}
   size_t InitialHeapSize                          = 125829120                                 {product} {ergonomic}
   size_t MarkStackSize                            = 4194304                                   {product} {ergonomic}
   size_t MaxHeapSize                              = 1988100096                                {product} {ergonomic}
   size_t MaxNewSize                               = 1192230912                                {product} {ergonomic}
   size_t MinHeapDeltaBytes                        = 1048576                                   {product} {ergonomic}
   size_t MinHeapSize                              = 8388608                                   {product} {ergonomic}
    uintx NonNMethodCodeHeapSize                   = 5839372                                {pd product} {ergonomic}
    uintx NonProfiledCodeHeapSize                  = 122909434                              {pd product} {ergonomic}
    uintx ProfiledCodeHeapSize                     = 122909434                              {pd product} {ergonomic}
    uintx ReservedCodeCacheSize                    = 251658240                              {pd product} {ergonomic}
     bool SegmentedCodeCache                       = true                                      {product} {ergonomic}
   size_t SoftMaxHeapSize                          = 1988100096                             {manageable} {ergonomic}
     bool UseCompressedClassPointers               = true                           {product lp64_product} {ergonomic}
     bool UseCompressedOops                        = true                           {product lp64_product} {ergonomic}
     bool UseG1GC                                  = true                                      {product} {ergonomic}
     bool UseLargePagesIndividualAllocation        = false                                  {pd product} {ergonomic}

Logging:
Log output configuration:
 #0: stdout all=warning uptime,level,tags
 #1: stderr all=off uptime,level,tags

Environment Variables:
PATH=C:\Program Files\Git\mingw64\libexec\git-core;C:\Program Files\Git\mingw64\libexec\git-core;C:\Program Files\Git\mingw64\bin;C:\Program Files\Git\usr\bin;C:\Users\raluc\bin;C:\Program Files (x86)\Common Files\Oracle\Java\javapath;C:\WINDOWS\system32;C:\WINDOWS;C:\WINDOWS\System32\Wbem;C:\WINDOWS\System32\WindowsPowerShell\v1.0;C:\WINDOWS\System32\OpenSSH;C:\Program Files (x86)\Microsoft SQL Server\160\DTS\Binn;C:\Program Files\Azure Data Studio\bin;C:\Program Files (x86)\Microsoft SQL Server\160\Tools\Binn;C:\Program Files\Microsoft SQL Server\160\Tools\Binn;C:\Program Files\Microsoft SQL Server\Client SDK\ODBC\170\Tools\Binn;C:\Program Files\Microsoft SQL Server\160\DTS\Binn;C:\Program Files (x86)\Microsoft SQL Server\150\Tools\Binn;C:\Program Files\Microsoft SQL Server\150\Tools\Binn;C:\Program Files\Microsoft SQL Server\150\DTS\Binn;C:\Program Files\Git\cmd;C:\Program Files\Docker\Docker\resources\bin;C:\Program Files\nodejs;C:\Program Files\dotnet;C:\Program Files (x86)\Windows Kits\10\Windows Performance Toolkit;C:\Program Files\WireGuard;C:\Users\raluc\AppData\Local\Microsoft\WindowsApps;C:\Users\raluc\AppData\Local\atom\bin;C:\Users\raluc\AppData\Local\Microsoft\WindowsApps;C:\Program Files\JetBrains\CLion 2022.3.2\bin;C:\Program Files\JetBrains\IntelliJ IDEA 2023.2.2\bin;C:\Program Files\Azure Data Studio\bin;C:\Users\raluc\AppData\Local\Programs\Microsoft VS Code\bin;C:\Users\raluc\AppData\Roaming\npm;C:\Users\raluc\.dotnet\tools
USERNAME=raluc
DISPLAY=:0.0
LC_ALL=en_US.UTF-8
TERM=xterm-256color
TMPDIR=C:\Users\raluc\AppData\Local\Temp
OS=Windows_NT
PROCESSOR_IDENTIFIER=AMD64 Family 23 Model 104 Stepping 1, AuthenticAMD
TMP=C:\Users\raluc\AppData\Local\Temp
TEMP=C:\Users\raluc\AppData\Local\Temp


JNI global refs:
JNI global refs: 19, weak refs: 0

JNI global refs memory usage: 843, weak refs: 841

OOME stack traces (most recent first):
Classloader memory used:
Loader bootstrap                                                                       : 1731K
Loader jdk.internal.loader.ClassLoaders$PlatformClassLoader                            : 178K
Loader jdk.internal.loader.ClassLoaders$AppClassLoader                                 : 1758B


---------------  S Y S T E M  ---------------

OS:
 Windows 11 , 64 bit Build 22621 (10.0.22621.4391)
OS uptime: 2 days 0:47 hours
Hyper-V role detected

CPU: total 12 (initial active 12) (12 cores per cpu, 2 threads per core) family 23 model 104 stepping 1 microcode 0x0, cx8, cmov, fxsr, ht, mmx, 3dnowpref, sse, sse2, sse3, ssse3, sse4a, sse4.1, sse4.2, popcnt, lzcnt, tsc, tscinvbit, avx, avx2, aes, clmul, bmi1, bmi2, adx, sha, fma, vzeroupper, clflush, clflushopt, hv
Processor Information for all 12 processors :
  Max Mhz: 2100, Current Mhz: 2100, Mhz Limit: 2100

Memory: 4k page, system-wide physical 7580M (252M free)
TotalPageFile size 31132M (AvailPageFile size 0M)
current process WorkingSet (physical memory assigned to process): 65M, peak: 65M
current process commit charge ("private bytes"): 216M, peak: 217M

vm_info: OpenJDK 64-Bit Server VM (17.0.8+7-b1000.22) for windows-amd64 JRE (17.0.8+7-b1000.22), built on 2023-09-02 by "builduser" with MS VC++ 16.10 / 16.11 (VS2019)

END.
